Build started at 2023-12-19T08:58:13.696485
Main binary: /home/codespace/.python/current/bin/python3
Build Options: -Daudio_drv_list=default -Ddefault_devices=true -Ddocdir=/usr/local/share/doc -Diasl= -Dqemu_firmwarepath=/usr/local/share/qemu-firmware -Dqemu_suffix=qemu -Dsmbd= -Dsphinx_build= -Dtrace_file=trace -Doptimization=2 -Ddebug=true -Dwerror=false -Db_pie=true -Db_coverage=false -Db_lto=false -Dcfi=false -Dtcg=enabled -Dxen=disabled -Dcapstone=auto -Dfdt=auto -Dslirp=auto -Dprefix=/usr/local -Dbindir=/usr/local/bin -Ddatadir=/usr/local/share -Dincludedir=/usr/local/include -Dlibdir=/usr/local/lib -Dlibexecdir=/usr/local/libexec -Dlocaledir=/usr/local/share/locale -Dlocalstatedir=/usr/local/var -Dmandir=/usr/local/share/man -Dsysconfdir=/usr/local/etc '--native-file config-meson.cross'
Python system: Linux
The Meson build system
Version: 0.59.3
Source dir: /workspaces/lab0-0-setup-env-run-os1-stephen863256/qemu-7.0.0
Build dir: /workspaces/lab0-0-setup-env-run-os1-stephen863256/qemu-7.0.0/build
Build type: native build
Project name: qemu
Project version: 7.0.0
Sanity testing C compiler: cc -m64 -mcx16
Is cross compiler: False.
Sanity check compiler command line: cc -m64 -mcx16 sanitycheckc.c -o sanitycheckc.exe -D_FILE_OFFSET_BITS=64
Sanity check compile stdout:

-----
Sanity check compile stderr:

-----
Running test binary command: /workspaces/lab0-0-setup-env-run-os1-stephen863256/qemu-7.0.0/build/meson-private/sanitycheckc.exe
C compiler for the host machine: cc -m64 -mcx16 (gcc 9.4.0 "cc (Ubuntu 9.4.0-1ubuntu1~20.04.2) 9.4.0")
C linker for the host machine: cc -m64 -mcx16 ld.bfd 2.34
Sanity testing C compiler: cc -m64 -mcx16
Is cross compiler: False.
Sanity check compiler command line: cc -m64 -mcx16 sanitycheckc.c -o sanitycheckc.exe -D_FILE_OFFSET_BITS=64
Sanity check compile stdout:

-----
Sanity check compile stderr:

-----
Running test binary command: /workspaces/lab0-0-setup-env-run-os1-stephen863256/qemu-7.0.0/build/meson-private/sanitycheckc.exe
C compiler for the build machine: cc -m64 -mcx16 (gcc 9.4.0 "cc (Ubuntu 9.4.0-1ubuntu1~20.04.2) 9.4.0")
C linker for the build machine: cc -m64 -mcx16 ld.bfd 2.34
Build machine cpu family: x86_64
Build machine cpu: x86_64
Host machine cpu family: x86_64
Host machine cpu: x86_64
Target machine cpu family: x86_64
Target machine cpu: x86_64
Program sh found: YES (/usr/bin/sh)
Program python3 found: YES (/home/codespace/.python/current/bin/python3)
WARNING: Broken python installation detected. Python files installed by Meson might not be found by python interpreter.
Sanity testing C++ compiler: c++ -m64 -mcx16
Is cross compiler: False.
Sanity check compiler command line: c++ -m64 -mcx16 sanitycheckcpp.cc -o sanitycheckcpp.exe -D_FILE_OFFSET_BITS=64
Sanity check compile stdout:

-----
Sanity check compile stderr:

-----
Running test binary command: /workspaces/lab0-0-setup-env-run-os1-stephen863256/qemu-7.0.0/build/meson-private/sanitycheckcpp.exe
C++ compiler for the host machine: c++ -m64 -mcx16 (gcc 9.4.0 "c++ (Ubuntu 9.4.0-1ubuntu1~20.04.2) 9.4.0")
C++ linker for the host machine: c++ -m64 -mcx16 ld.bfd 2.34
Program cgcc found: NO
Running compile:
Working directory:  /workspaces/lab0-0-setup-env-run-os1-stephen863256/qemu-7.0.0/build/meson-private/tmpnnkdtok1
Command line:  cc -m64 -mcx16 /workspaces/lab0-0-setup-env-run-os1-stephen863256/qemu-7.0.0/build/meson-private/tmpnnkdtok1/testfile.c -o /workspaces/lab0-0-setup-env-run-os1-stephen863256/qemu-7.0.0/build/meson-private/tmpnnkdtok1/output.exe -D_FILE_OFFSET_BITS=64 -O0 -Wl,--start-group -lm -Wl,--end-group -Wl,--allow-shlib-undefined 

Code:
 int main(void) { return 0; }

Compiler stdout:
 
Compiler stderr:
 
Library m found: YES
Run-time dependency threads found: YES
Running compile:
Working directory:  /workspaces/lab0-0-setup-env-run-os1-stephen863256/qemu-7.0.0/build/meson-private/tmpjy072n_d
Command line:  cc -m64 -mcx16 /workspaces/lab0-0-setup-env-run-os1-stephen863256/qemu-7.0.0/build/meson-private/tmpjy072n_d/testfile.c -o /workspaces/lab0-0-setup-env-run-os1-stephen863256/qemu-7.0.0/build/meson-private/tmpjy072n_d/output.exe -D_FILE_OFFSET_BITS=64 -O0 -Wl,--start-group -lutil -Wl,--end-group -Wl,--allow-shlib-undefined 

Code:
 int main(void) { return 0; }

Compiler stdout:
 
Compiler stderr:
 
Library util found: YES
Run-time dependency appleframeworks found: NO (tried framework)
Pkg-config binary for MachineChoice.HOST is not cached.
Pkg-config binary for 1 specified from cross file, native file, or env var as ['pkg-config']
Found pkg-config: /usr/bin/pkg-config (0.29.1)
Determining dependency 'pixman-1' with pkg-config executable '/usr/bin/pkg-config'
env[PKG_CONFIG_PATH]: 
Called `/usr/bin/pkg-config --modversion pixman-1` -> 0
0.38.4
env[PKG_CONFIG_PATH]: 
Called `/usr/bin/pkg-config --cflags pixman-1` -> 0
-I/usr/include/pixman-1
env[PKG_CONFIG_ALLOW_SYSTEM_LIBS]: 1
env[PKG_CONFIG_PATH]: 
Called `/usr/bin/pkg-config --libs pixman-1` -> 0
-L/usr/lib/x86_64-linux-gnu -lpixman-1
env[PKG_CONFIG_PATH]: 
Called `/usr/bin/pkg-config --libs pixman-1` -> 0
-lpixman-1
Running compile:
Working directory:  /workspaces/lab0-0-setup-env-run-os1-stephen863256/qemu-7.0.0/build/meson-private/tmpjmro3_lt
Command line:  c++ -m64 -mcx16 /workspaces/lab0-0-setup-env-run-os1-stephen863256/qemu-7.0.0/build/meson-private/tmpjmro3_lt/testfile.cpp -o /workspaces/lab0-0-setup-env-run-os1-stephen863256/qemu-7.0.0/build/meson-private/tmpjmro3_lt/output.exe -D_FILE_OFFSET_BITS=64 -O0 -fpermissive 

Code:
 #include<stdio.h>
        
        int main(void) {
            printf("%ld\n", (long)(sizeof(void *)));
            return 0;
        };
Compiler stdout:
 
Compiler stderr:
 
Program stdout:

8

Program stderr:


Running compile:
Working directory:  /workspaces/lab0-0-setup-env-run-os1-stephen863256/qemu-7.0.0/build/meson-private/tmp2dp0en8r
Command line:  c++ -m64 -mcx16 /workspaces/lab0-0-setup-env-run-os1-stephen863256/qemu-7.0.0/build/meson-private/tmp2dp0en8r/testfile.cpp -o /workspaces/lab0-0-setup-env-run-os1-stephen863256/qemu-7.0.0/build/meson-private/tmp2dp0en8r/output.obj -c -D_FILE_OFFSET_BITS=64 -O0 -fpermissive --print-search-dirs 

Code:
 
Compiler stdout:
 install: /usr/lib/gcc/x86_64-linux-gnu/9/
programs: =/usr/lib/gcc/x86_64-linux-gnu/9/:/usr/lib/gcc/x86_64-linux-gnu/9/:/usr/lib/gcc/x86_64-linux-gnu/:/usr/lib/gcc/x86_64-linux-gnu/9/:/usr/lib/gcc/x86_64-linux-gnu/:/usr/lib/gcc/x86_64-linux-gnu/9/../../../../x86_64-linux-gnu/bin/x86_64-linux-gnu/9/:/usr/lib/gcc/x86_64-linux-gnu/9/../../../../x86_64-linux-gnu/bin/x86_64-linux-gnu/:/usr/lib/gcc/x86_64-linux-gnu/9/../../../../x86_64-linux-gnu/bin/
libraries: =/usr/lib/gcc/x86_64-linux-gnu/9/:/usr/lib/gcc/x86_64-linux-gnu/9/../../../../x86_64-linux-gnu/lib/x86_64-linux-gnu/9/:/usr/lib/gcc/x86_64-linux-gnu/9/../../../../x86_64-linux-gnu/lib/x86_64-linux-gnu/:/usr/lib/gcc/x86_64-linux-gnu/9/../../../../x86_64-linux-gnu/lib/../lib/:/usr/lib/gcc/x86_64-linux-gnu/9/../../../x86_64-linux-gnu/9/:/usr/lib/gcc/x86_64-linux-gnu/9/../../../x86_64-linux-gnu/:/usr/lib/gcc/x86_64-linux-gnu/9/../../../../lib/:/lib/x86_64-linux-gnu/9/:/lib/x86_64-linux-gnu/:/lib/../lib/:/usr/lib/x86_64-linux-gnu/9/:/usr/lib/x86_64-linux-gnu/:/usr/lib/../lib/:/usr/lib/gcc/x86_64-linux-gnu/9/../../../../x86_64-linux-gnu/lib/:/usr/lib/gcc/x86_64-linux-gnu/9/../../../:/lib/:/usr/lib/

Compiler stderr:
 
Run-time dependency pixman-1 found: YES 0.38.4
Pkg-config binary for MachineChoice.HOST is cached.
Determining dependency 'zlib' with pkg-config executable '/usr/bin/pkg-config'
env[PKG_CONFIG_PATH]: 
Called `/usr/bin/pkg-config --modversion zlib` -> 0
1.2.11
env[PKG_CONFIG_PATH]: 
Called `/usr/bin/pkg-config --cflags zlib` -> 0

env[PKG_CONFIG_ALLOW_SYSTEM_LIBS]: 1
env[PKG_CONFIG_PATH]: 
Called `/usr/bin/pkg-config --libs zlib` -> 0
-L/usr/lib/x86_64-linux-gnu -lz
env[PKG_CONFIG_PATH]: 
Called `/usr/bin/pkg-config --libs zlib` -> 0
-lz
Run-time dependency zlib found: YES 1.2.11
Running compile:
Working directory:  /workspaces/lab0-0-setup-env-run-os1-stephen863256/qemu-7.0.0/build/meson-private/tmpomxf45ts
Command line:  cc -m64 -mcx16 /workspaces/lab0-0-setup-env-run-os1-stephen863256/qemu-7.0.0/build/meson-private/tmpomxf45ts/testfile.c -E -P -D_FILE_OFFSET_BITS=64 -P -O0 -std=gnu11 

Code:
 
        #ifdef __has_include
         #if !__has_include("libaio.h")
          #error "Header 'libaio.h' could not be found"
         #endif
        #else
         #include <libaio.h>
        #endif
Compiler stdout:
 
Compiler stderr:
 /workspaces/lab0-0-setup-env-run-os1-stephen863256/qemu-7.0.0/build/meson-private/tmpomxf45ts/testfile.c:4:12: error: #error "Header 'libaio.h' could not be found"
    4 |           #error "Header 'libaio.h' could not be found"
      |            ^~~~~

Has header "libaio.h" : NO 
Pkg-config binary for MachineChoice.HOST is cached.
Determining dependency 'liburing' with pkg-config executable '/usr/bin/pkg-config'
env[PKG_CONFIG_PATH]: 
Called `/usr/bin/pkg-config --modversion liburing` -> 1

Run-time dependency liburing found: NO (tried pkgconfig)
Pkg-config binary for MachineChoice.HOST is cached.
Determining dependency 'libnfs' with pkg-config executable '/usr/bin/pkg-config'
env[PKG_CONFIG_PATH]: 
Called `/usr/bin/pkg-config --modversion libnfs` -> 1

Run-time dependency libnfs found: NO (tried pkgconfig)
Running compile:
Working directory:  /workspaces/lab0-0-setup-env-run-os1-stephen863256/qemu-7.0.0/build/meson-private/tmp7fmgm0ox
Command line:  cc -m64 -mcx16 /workspaces/lab0-0-setup-env-run-os1-stephen863256/qemu-7.0.0/build/meson-private/tmp7fmgm0ox/testfile.c -o /workspaces/lab0-0-setup-env-run-os1-stephen863256/qemu-7.0.0/build/meson-private/tmp7fmgm0ox/output.exe -D_FILE_OFFSET_BITS=64 -O0 -std=gnu11 

Code:
 
  #include <stddef.h>
  #include <sys/types.h>
  #ifdef CONFIG_LIBATTR
  #include <attr/xattr.h>
  #else
  #include <sys/xattr.h>
  #endif
  int main(void) { getxattr(NULL, NULL, NULL, 0); setxattr(NULL, NULL, NULL, 0, 0); return 0; }
Compiler stdout:
 
Compiler stderr:
 
Run-time dependency appleframeworks found: NO (tried framework)
Pkg-config binary for MachineChoice.HOST is cached.
Determining dependency 'libseccomp' with pkg-config executable '/usr/bin/pkg-config'
env[PKG_CONFIG_PATH]: 
Called `/usr/bin/pkg-config --modversion libseccomp` -> 1

Run-time dependency libseccomp found: NO (tried pkgconfig)
Running compile:
Working directory:  /workspaces/lab0-0-setup-env-run-os1-stephen863256/qemu-7.0.0/build/meson-private/tmpsnrb3u5b
Command line:  cc -m64 -mcx16 /workspaces/lab0-0-setup-env-run-os1-stephen863256/qemu-7.0.0/build/meson-private/tmpsnrb3u5b/testfile.c -E -P -D_FILE_OFFSET_BITS=64 -P -O0 -std=gnu11 

Code:
 
        #ifdef __has_include
         #if !__has_include("cap-ng.h")
          #error "Header 'cap-ng.h' could not be found"
         #endif
        #else
         #include <cap-ng.h>
        #endif
Compiler stdout:
 
Compiler stderr:
 /workspaces/lab0-0-setup-env-run-os1-stephen863256/qemu-7.0.0/build/meson-private/tmpsnrb3u5b/testfile.c:4:12: error: #error "Header 'cap-ng.h' could not be found"
    4 |           #error "Header 'cap-ng.h' could not be found"
      |            ^~~~~

Has header "cap-ng.h" : NO 
Pkg-config binary for MachineChoice.HOST is cached.
Determining dependency 'xkbcommon' with pkg-config executable '/usr/bin/pkg-config'
env[PKG_CONFIG_PATH]: 
Called `/usr/bin/pkg-config --modversion xkbcommon` -> 0
0.10.0
env[PKG_CONFIG_PATH]: 
Called `/usr/bin/pkg-config --cflags xkbcommon` -> 0

env[PKG_CONFIG_ALLOW_SYSTEM_LIBS]: 1
env[PKG_CONFIG_PATH]: 
Called `/usr/bin/pkg-config --libs xkbcommon` -> 0
-L/usr/lib/x86_64-linux-gnu -lxkbcommon
env[PKG_CONFIG_PATH]: 
Called `/usr/bin/pkg-config --libs xkbcommon` -> 0
-lxkbcommon
Run-time dependency xkbcommon found: YES 0.10.0
Running compile:
Working directory:  /workspaces/lab0-0-setup-env-run-os1-stephen863256/qemu-7.0.0/build/meson-private/tmpxd6cc528
Command line:  cc -m64 -mcx16 /workspaces/lab0-0-setup-env-run-os1-stephen863256/qemu-7.0.0/build/meson-private/tmpxd6cc528/testfile.c -E -P -D_FILE_OFFSET_BITS=64 -P -O0 -std=gnu11 

Code:
 
        #ifdef __has_include
         #if !__has_include("libvdeplug.h")
          #error "Header 'libvdeplug.h' could not be found"
         #endif
        #else
         #include <libvdeplug.h>
        #endif
Compiler stdout:
 
Compiler stderr:
 /workspaces/lab0-0-setup-env-run-os1-stephen863256/qemu-7.0.0/build/meson-private/tmpxd6cc528/testfile.c:4:12: error: #error "Header 'libvdeplug.h' could not be found"
    4 |           #error "Header 'libvdeplug.h' could not be found"
      |            ^~~~~

Has header "libvdeplug.h" : NO 
Pkg-config binary for MachineChoice.HOST is cached.
Determining dependency 'libpulse' with pkg-config executable '/usr/bin/pkg-config'
env[PKG_CONFIG_PATH]: 
Called `/usr/bin/pkg-config --modversion libpulse` -> 0
13.99.1
env[PKG_CONFIG_PATH]: 
Called `/usr/bin/pkg-config --cflags libpulse` -> 0
-D_REENTRANT
env[PKG_CONFIG_ALLOW_SYSTEM_LIBS]: 1
env[PKG_CONFIG_PATH]: 
Called `/usr/bin/pkg-config --libs libpulse` -> 0
-L/usr/lib/x86_64-linux-gnu -lpulse
env[PKG_CONFIG_PATH]: 
Called `/usr/bin/pkg-config --libs libpulse` -> 0
-lpulse
Run-time dependency libpulse found: YES 13.99.1
Pkg-config binary for MachineChoice.HOST is cached.
Determining dependency 'alsa' with pkg-config executable '/usr/bin/pkg-config'
env[PKG_CONFIG_PATH]: 
Called `/usr/bin/pkg-config --modversion alsa` -> 0
1.2.2
env[PKG_CONFIG_PATH]: 
Called `/usr/bin/pkg-config --cflags alsa` -> 0

env[PKG_CONFIG_ALLOW_SYSTEM_LIBS]: 1
env[PKG_CONFIG_PATH]: 
Called `/usr/bin/pkg-config --libs alsa` -> 0
-L/usr/lib/x86_64-linux-gnu -lasound
env[PKG_CONFIG_PATH]: 
Called `/usr/bin/pkg-config --libs alsa` -> 0
-lasound
Run-time dependency alsa found: YES 1.2.2
Pkg-config binary for MachineChoice.HOST is cached.
Determining dependency 'jack' with pkg-config executable '/usr/bin/pkg-config'
env[PKG_CONFIG_PATH]: 
Called `/usr/bin/pkg-config --modversion jack` -> 1

Run-time dependency jack found: NO (tried pkgconfig)
Pkg-config binary for MachineChoice.HOST is cached.
Determining dependency 'spice-protocol' with pkg-config executable '/usr/bin/pkg-config'
env[PKG_CONFIG_PATH]: 
Called `/usr/bin/pkg-config --modversion spice-protocol` -> 1

Run-time dependency spice-protocol found: NO (tried pkgconfig)
Pkg-config binary for MachineChoice.HOST is cached.
Determining dependency 'spice-server' with pkg-config executable '/usr/bin/pkg-config'
env[PKG_CONFIG_PATH]: 
Called `/usr/bin/pkg-config --modversion spice-server` -> 1

Run-time dependency spice-server found: NO (tried pkgconfig)
Running compile:
Working directory:  /workspaces/lab0-0-setup-env-run-os1-stephen863256/qemu-7.0.0/build/meson-private/tmp0e4r2juv
Command line:  cc -m64 -mcx16 /workspaces/lab0-0-setup-env-run-os1-stephen863256/qemu-7.0.0/build/meson-private/tmp0e4r2juv/testfile.c -o /workspaces/lab0-0-setup-env-run-os1-stephen863256/qemu-7.0.0/build/meson-private/tmp0e4r2juv/output.exe -D_FILE_OFFSET_BITS=64 -O0 -Wl,--start-group -lrt -Wl,--end-group -Wl,--allow-shlib-undefined 

Code:
 int main(void) { return 0; }

Compiler stdout:
 
Compiler stderr:
 
Library rt found: YES
Pkg-config binary for MachineChoice.HOST is cached.
Determining dependency 'libiscsi' with pkg-config executable '/usr/bin/pkg-config'
env[PKG_CONFIG_PATH]: 
Called `/usr/bin/pkg-config --modversion libiscsi` -> 1

Run-time dependency libiscsi found: NO (tried pkgconfig)
Pkg-config binary for MachineChoice.HOST is cached.
Determining dependency 'libzstd' with pkg-config executable '/usr/bin/pkg-config'
env[PKG_CONFIG_PATH]: 
Called `/usr/bin/pkg-config --modversion libzstd` -> 1

Run-time dependency libzstd found: NO (tried pkgconfig)
Pkg-config binary for MachineChoice.HOST is cached.
Determining dependency 'virglrenderer' with pkg-config executable '/usr/bin/pkg-config'
env[PKG_CONFIG_PATH]: 
Called `/usr/bin/pkg-config --modversion virglrenderer` -> 1

Run-time dependency virglrenderer found: NO (tried pkgconfig)
Pkg-config binary for MachineChoice.HOST is cached.
Determining dependency 'libcurl' with pkg-config executable '/usr/bin/pkg-config'
env[PKG_CONFIG_PATH]: 
Called `/usr/bin/pkg-config --modversion libcurl` -> 0
7.68.0
env[PKG_CONFIG_PATH]: 
Called `/usr/bin/pkg-config --cflags libcurl` -> 0
-I/usr/include/x86_64-linux-gnu
env[PKG_CONFIG_ALLOW_SYSTEM_LIBS]: 1
env[PKG_CONFIG_PATH]: 
Called `/usr/bin/pkg-config --libs libcurl` -> 0
-L/usr/lib/x86_64-linux-gnu -lcurl
env[PKG_CONFIG_PATH]: 
Called `/usr/bin/pkg-config --libs libcurl` -> 0
-lcurl
Run-time dependency libcurl found: YES 7.68.0
Pkg-config binary for MachineChoice.HOST is cached.
Determining dependency 'libudev' with pkg-config executable '/usr/bin/pkg-config'
env[PKG_CONFIG_PATH]: 
Called `/usr/bin/pkg-config --modversion libudev` -> 0
245
env[PKG_CONFIG_PATH]: 
Called `/usr/bin/pkg-config --cflags libudev` -> 0

env[PKG_CONFIG_ALLOW_SYSTEM_LIBS]: 1
env[PKG_CONFIG_PATH]: 
Called `/usr/bin/pkg-config --libs libudev` -> 0
-L/lib/x86_64-linux-gnu -ludev
env[PKG_CONFIG_PATH]: 
Called `/usr/bin/pkg-config --libs libudev` -> 0
-ludev
Run-time dependency libudev found: YES 245
Running compile:
Working directory:  /workspaces/lab0-0-setup-env-run-os1-stephen863256/qemu-7.0.0/build/meson-private/tmp0c2fwpk6
Command line:  cc -m64 -mcx16 /workspaces/lab0-0-setup-env-run-os1-stephen863256/qemu-7.0.0/build/meson-private/tmp0c2fwpk6/testfile.c -o /workspaces/lab0-0-setup-env-run-os1-stephen863256/qemu-7.0.0/build/meson-private/tmp0c2fwpk6/output.exe -D_FILE_OFFSET_BITS=64 -O0 -Wl,--start-group -lmpathpersist -Wl,--end-group -Wl,--allow-shlib-undefined 

Code:
 int main(void) { return 0; }

Compiler stdout:
 
Compiler stderr:
 /usr/bin/ld: cannot find -lmpathpersist
collect2: error: ld returned 1 exit status

Running compile:
Working directory:  /workspaces/lab0-0-setup-env-run-os1-stephen863256/qemu-7.0.0/build/meson-private/tmpwqohx7ec
Command line:  cc -m64 -mcx16 /workspaces/lab0-0-setup-env-run-os1-stephen863256/qemu-7.0.0/build/meson-private/tmpwqohx7ec/testfile.c -o /workspaces/lab0-0-setup-env-run-os1-stephen863256/qemu-7.0.0/build/meson-private/tmpwqohx7ec/output.exe -D_FILE_OFFSET_BITS=64 -O0 

Code:
 #include<stdio.h>
        
        int main(void) {
            printf("%ld\n", (long)(sizeof(void *)));
            return 0;
        };
Compiler stdout:
 
Compiler stderr:
 
Program stdout:

8

Program stderr:


Running compile:
Working directory:  /workspaces/lab0-0-setup-env-run-os1-stephen863256/qemu-7.0.0/build/meson-private/tmpxwh1synx
Command line:  cc -m64 -mcx16 /workspaces/lab0-0-setup-env-run-os1-stephen863256/qemu-7.0.0/build/meson-private/tmpxwh1synx/testfile.c -o /workspaces/lab0-0-setup-env-run-os1-stephen863256/qemu-7.0.0/build/meson-private/tmpxwh1synx/output.obj -c -D_FILE_OFFSET_BITS=64 -O0 --print-search-dirs 

Code:
 
Compiler stdout:
 install: /usr/lib/gcc/x86_64-linux-gnu/9/
programs: =/usr/lib/gcc/x86_64-linux-gnu/9/:/usr/lib/gcc/x86_64-linux-gnu/9/:/usr/lib/gcc/x86_64-linux-gnu/:/usr/lib/gcc/x86_64-linux-gnu/9/:/usr/lib/gcc/x86_64-linux-gnu/:/usr/lib/gcc/x86_64-linux-gnu/9/../../../../x86_64-linux-gnu/bin/x86_64-linux-gnu/9/:/usr/lib/gcc/x86_64-linux-gnu/9/../../../../x86_64-linux-gnu/bin/x86_64-linux-gnu/:/usr/lib/gcc/x86_64-linux-gnu/9/../../../../x86_64-linux-gnu/bin/
libraries: =/usr/lib/gcc/x86_64-linux-gnu/9/:/usr/lib/gcc/x86_64-linux-gnu/9/../../../../x86_64-linux-gnu/lib/x86_64-linux-gnu/9/:/usr/lib/gcc/x86_64-linux-gnu/9/../../../../x86_64-linux-gnu/lib/x86_64-linux-gnu/:/usr/lib/gcc/x86_64-linux-gnu/9/../../../../x86_64-linux-gnu/lib/../lib/:/usr/lib/gcc/x86_64-linux-gnu/9/../../../x86_64-linux-gnu/9/:/usr/lib/gcc/x86_64-linux-gnu/9/../../../x86_64-linux-gnu/:/usr/lib/gcc/x86_64-linux-gnu/9/../../../../lib/:/lib/x86_64-linux-gnu/9/:/lib/x86_64-linux-gnu/:/lib/../lib/:/usr/lib/x86_64-linux-gnu/9/:/usr/lib/x86_64-linux-gnu/:/usr/lib/../lib/:/usr/lib/gcc/x86_64-linux-gnu/9/../../../../x86_64-linux-gnu/lib/:/usr/lib/gcc/x86_64-linux-gnu/9/../../../:/lib/:/usr/lib/

Compiler stderr:
 
Library mpathpersist found: NO
Pkg-config binary for MachineChoice.HOST is cached.
Determining dependency 'ncursesw' with pkg-config executable '/usr/bin/pkg-config'
env[PKG_CONFIG_PATH]: 
Called `/usr/bin/pkg-config --modversion ncursesw` -> 0
6.2.20200212
env[PKG_CONFIG_PATH]: 
Called `/usr/bin/pkg-config --cflags ncursesw` -> 0
-D_DEFAULT_SOURCE -D_XOPEN_SOURCE=600
env[PKG_CONFIG_ALLOW_SYSTEM_LIBS]: 1
env[PKG_CONFIG_PATH]: 
Called `/usr/bin/pkg-config --libs ncursesw` -> 0
-Wl,-Bsymbolic-functions -lncursesw -ltinfo
env[PKG_CONFIG_PATH]: 
Called `/usr/bin/pkg-config --libs ncursesw` -> 0
-Wl,-Bsymbolic-functions -lncursesw -ltinfo
Running compile:
Working directory:  /workspaces/lab0-0-setup-env-run-os1-stephen863256/qemu-7.0.0/build/meson-private/tmpkbrd2yph
Command line:  c++ -m64 -mcx16 /workspaces/lab0-0-setup-env-run-os1-stephen863256/qemu-7.0.0/build/meson-private/tmpkbrd2yph/testfile.cpp -o /workspaces/lab0-0-setup-env-run-os1-stephen863256/qemu-7.0.0/build/meson-private/tmpkbrd2yph/output.exe -D_FILE_OFFSET_BITS=64 -O0 -fpermissive -Wl,--start-group -lncursesw -Wl,--end-group -Wl,--allow-shlib-undefined 

Code:
 int main(void) { return 0; }

Compiler stdout:
 
Compiler stderr:
 
Running compile:
Working directory:  /workspaces/lab0-0-setup-env-run-os1-stephen863256/qemu-7.0.0/build/meson-private/tmppdava688
Command line:  c++ -m64 -mcx16 /workspaces/lab0-0-setup-env-run-os1-stephen863256/qemu-7.0.0/build/meson-private/tmppdava688/testfile.cpp -o /workspaces/lab0-0-setup-env-run-os1-stephen863256/qemu-7.0.0/build/meson-private/tmppdava688/output.exe -D_FILE_OFFSET_BITS=64 -O0 -fpermissive -Wl,--start-group -ltinfo -Wl,--end-group -Wl,--allow-shlib-undefined 

Code:
 int main(void) { return 0; }

Compiler stdout:
 
Compiler stderr:
 
Run-time dependency ncursesw found: YES 6.2.20200212
Running compile:
Working directory:  /workspaces/lab0-0-setup-env-run-os1-stephen863256/qemu-7.0.0/build/meson-private/tmpzw5otuye
Command line:  cc -m64 -mcx16 /workspaces/lab0-0-setup-env-run-os1-stephen863256/qemu-7.0.0/build/meson-private/tmpzw5otuye/testfile.c -o /workspaces/lab0-0-setup-env-run-os1-stephen863256/qemu-7.0.0/build/meson-private/tmpzw5otuye/output.exe -D_DEFAULT_SOURCE -D_XOPEN_SOURCE=600 -D_FILE_OFFSET_BITS=64 -O0 -std=gnu11 -DNCURSES_WIDECHAR=1 -Wl,-Bsymbolic-functions -Wl,--start-group -lncursesw -ltinfo -Wl,--end-group 

Code:
 
    #if defined(__APPLE__) || defined(__OpenBSD__)
    #define _XOPEN_SOURCE_EXTENDED 1
    #endif
    #include <locale.h>
    #include <curses.h>
    #include <wchar.h>
    int main(void) {
      wchar_t wch = L'w';
      setlocale(LC_ALL, "");
      resize_term(0, 0);
      addwstr(L"wide chars\n");
      addnwstr(&wch, 1);
      add_wch(WACS_DEGREE);
      return 0;
    }
Compiler stdout:
 
Compiler stderr:
 
Running compile:
Working directory:  /workspaces/lab0-0-setup-env-run-os1-stephen863256/qemu-7.0.0/build/meson-private/tmpx38tduc9
Command line:  cc -m64 -mcx16 -I/usr/include/glib-2.0 -I/usr/lib/x86_64-linux-gnu/glib-2.0/include /workspaces/lab0-0-setup-env-run-os1-stephen863256/qemu-7.0.0/build/meson-private/tmpx38tduc9/testfile.c -o /workspaces/lab0-0-setup-env-run-os1-stephen863256/qemu-7.0.0/build/meson-private/tmpx38tduc9/output.exe -D_FILE_OFFSET_BITS=64 -O0 -std=gnu11 -pthread -Wl,--start-group -lgmodule-2.0 -lglib-2.0 -liconv -Wl,--end-group 

Code:
 
        #include <iconv.h>
        int main(void) {
          iconv_t conv = iconv_open("WCHAR_T", "UCS-2");
          return conv != (iconv_t) -1;
        }
Compiler stdout:
 
Compiler stderr:
 /usr/bin/ld: cannot find -liconv
collect2: error: ld returned 1 exit status

Running compile:
Working directory:  /workspaces/lab0-0-setup-env-run-os1-stephen863256/qemu-7.0.0/build/meson-private/tmpla115jbi
Command line:  cc -m64 -mcx16 -I/usr/include/glib-2.0 -I/usr/lib/x86_64-linux-gnu/glib-2.0/include /workspaces/lab0-0-setup-env-run-os1-stephen863256/qemu-7.0.0/build/meson-private/tmpla115jbi/testfile.c -o /workspaces/lab0-0-setup-env-run-os1-stephen863256/qemu-7.0.0/build/meson-private/tmpla115jbi/output.exe -D_FILE_OFFSET_BITS=64 -O0 -std=gnu11 -pthread -Wl,--start-group -lgmodule-2.0 -lglib-2.0 -Wl,--end-group 

Code:
 
        #include <iconv.h>
        int main(void) {
          iconv_t conv = iconv_open("WCHAR_T", "UCS-2");
          return conv != (iconv_t) -1;
        }
Compiler stdout:
 
Compiler stderr:
 
Running compile:
Working directory:  /workspaces/lab0-0-setup-env-run-os1-stephen863256/qemu-7.0.0/build/meson-private/tmppyqxytd9
Command line:  cc -m64 -mcx16 /workspaces/lab0-0-setup-env-run-os1-stephen863256/qemu-7.0.0/build/meson-private/tmppyqxytd9/testfile.c -E -P -D_FILE_OFFSET_BITS=64 -P -O0 -std=gnu11 

Code:
 
        #ifdef __has_include
         #if !__has_include("brlapi.h")
          #error "Header 'brlapi.h' could not be found"
         #endif
        #else
         #include <brlapi.h>
        #endif
Compiler stdout:
 
Compiler stderr:
 /workspaces/lab0-0-setup-env-run-os1-stephen863256/qemu-7.0.0/build/meson-private/tmppyqxytd9/testfile.c:4:12: error: #error "Header 'brlapi.h' could not be found"
    4 |           #error "Header 'brlapi.h' could not be found"
      |            ^~~~~

Has header "brlapi.h" : NO 
Pkg-config binary for MachineChoice.HOST is cached.
Determining dependency 'sdl2' with pkg-config executable '/usr/bin/pkg-config'
env[PKG_CONFIG_PATH]: 
Called `/usr/bin/pkg-config --modversion sdl2` -> 0
2.0.10
env[PKG_CONFIG_PATH]: 
Called `/usr/bin/pkg-config --cflags sdl2` -> 0
-D_REENTRANT -I/usr/include/SDL2
env[PKG_CONFIG_ALLOW_SYSTEM_LIBS]: 1
env[PKG_CONFIG_PATH]: 
Called `/usr/bin/pkg-config --libs sdl2` -> 0
-L/usr/lib/x86_64-linux-gnu -lSDL2
env[PKG_CONFIG_PATH]: 
Called `/usr/bin/pkg-config --libs sdl2` -> 0
-lSDL2
Run-time dependency sdl2 found: YES 2.0.10
Pkg-config binary for MachineChoice.HOST is cached.
Determining dependency 'SDL2_image' with pkg-config executable '/usr/bin/pkg-config'
env[PKG_CONFIG_PATH]: 
Called `/usr/bin/pkg-config --modversion SDL2_image` -> 1

Run-time dependency sdl2_image found: NO (tried pkgconfig)
Running compile:
Working directory:  /workspaces/lab0-0-setup-env-run-os1-stephen863256/qemu-7.0.0/build/meson-private/tmp6vij1v99
Command line:  cc -m64 -mcx16 /workspaces/lab0-0-setup-env-run-os1-stephen863256/qemu-7.0.0/build/meson-private/tmp6vij1v99/testfile.c -o /workspaces/lab0-0-setup-env-run-os1-stephen863256/qemu-7.0.0/build/meson-private/tmp6vij1v99/output.exe -D_FILE_OFFSET_BITS=64 -O0 -Wl,--start-group -lrados -Wl,--end-group -Wl,--allow-shlib-undefined 

Code:
 int main(void) { return 0; }

Compiler stdout:
 
Compiler stderr:
 /usr/bin/ld: cannot find -lrados
collect2: error: ld returned 1 exit status

Library rados found: NO
Running compile:
Working directory:  /workspaces/lab0-0-setup-env-run-os1-stephen863256/qemu-7.0.0/build/meson-private/tmpooy16oko
Command line:  cc -m64 -mcx16 /workspaces/lab0-0-setup-env-run-os1-stephen863256/qemu-7.0.0/build/meson-private/tmpooy16oko/testfile.c -E -P -D_FILE_OFFSET_BITS=64 -P -O0 -std=gnu11 

Code:
 
        #ifdef __has_include
         #if !__has_include("rbd/librbd.h")
          #error "Header 'rbd/librbd.h' could not be found"
         #endif
        #else
         #include <rbd/librbd.h>
        #endif
Compiler stdout:
 
Compiler stderr:
 /workspaces/lab0-0-setup-env-run-os1-stephen863256/qemu-7.0.0/build/meson-private/tmpooy16oko/testfile.c:4:12: error: #error "Header 'rbd/librbd.h' could not be found"
    4 |           #error "Header 'rbd/librbd.h' could not be found"
      |            ^~~~~

Has header "rbd/librbd.h" : NO 
Pkg-config binary for MachineChoice.HOST is cached.
Determining dependency 'glusterfs-api' with pkg-config executable '/usr/bin/pkg-config'
env[PKG_CONFIG_PATH]: 
Called `/usr/bin/pkg-config --modversion glusterfs-api` -> 1

Run-time dependency glusterfs-api found: NO (tried pkgconfig)
Pkg-config binary for MachineChoice.HOST is cached.
Determining dependency 'libssh' with pkg-config executable '/usr/bin/pkg-config'
env[PKG_CONFIG_PATH]: 
Called `/usr/bin/pkg-config --modversion libssh` -> 1

Run-time dependency libssh found: NO (tried pkgconfig)
Running compile:
Working directory:  /workspaces/lab0-0-setup-env-run-os1-stephen863256/qemu-7.0.0/build/meson-private/tmpnwrtmzca
Command line:  cc -m64 -mcx16 /workspaces/lab0-0-setup-env-run-os1-stephen863256/qemu-7.0.0/build/meson-private/tmpnwrtmzca/testfile.c -E -P -D_FILE_OFFSET_BITS=64 -P -O0 -std=gnu11 

Code:
 
        #ifdef __has_include
         #if !__has_include("bzlib.h")
          #error "Header 'bzlib.h' could not be found"
         #endif
        #else
         #include <bzlib.h>
        #endif
Compiler stdout:
 
Compiler stderr:
 
Has header "bzlib.h" : YES 
Running compile:
Working directory:  /workspaces/lab0-0-setup-env-run-os1-stephen863256/qemu-7.0.0/build/meson-private/tmpmd6yimop
Command line:  cc -m64 -mcx16 /workspaces/lab0-0-setup-env-run-os1-stephen863256/qemu-7.0.0/build/meson-private/tmpmd6yimop/testfile.c -o /workspaces/lab0-0-setup-env-run-os1-stephen863256/qemu-7.0.0/build/meson-private/tmpmd6yimop/output.exe -D_FILE_OFFSET_BITS=64 -O0 -Wl,--start-group -lbz2 -Wl,--end-group -Wl,--allow-shlib-undefined 

Code:
 int main(void) { return 0; }

Compiler stdout:
 
Compiler stderr:
 
Library bz2 found: YES
Running compile:
Working directory:  /workspaces/lab0-0-setup-env-run-os1-stephen863256/qemu-7.0.0/build/meson-private/tmp2x843edv
Command line:  cc -m64 -mcx16 /workspaces/lab0-0-setup-env-run-os1-stephen863256/qemu-7.0.0/build/meson-private/tmp2x843edv/testfile.c -o /workspaces/lab0-0-setup-env-run-os1-stephen863256/qemu-7.0.0/build/meson-private/tmp2x843edv/output.exe -D_FILE_OFFSET_BITS=64 -O0 -std=gnu11 -Wl,--start-group -lbz2 -Wl,--end-group 

Code:
 
     #include <bzlib.h>
     int main(void) { BZ2_bzlibVersion(); return 0; }
Compiler stdout:
 
Compiler stderr:
 
Running compile:
Working directory:  /workspaces/lab0-0-setup-env-run-os1-stephen863256/qemu-7.0.0/build/meson-private/tmp676a7mfm
Command line:  cc -m64 -mcx16 /workspaces/lab0-0-setup-env-run-os1-stephen863256/qemu-7.0.0/build/meson-private/tmp676a7mfm/testfile.c -E -P -D_FILE_OFFSET_BITS=64 -P -O0 -std=gnu11 

Code:
 
        #ifdef __has_include
         #if !__has_include("lzfse.h")
          #error "Header 'lzfse.h' could not be found"
         #endif
        #else
         #include <lzfse.h>
        #endif
Compiler stdout:
 
Compiler stderr:
 /workspaces/lab0-0-setup-env-run-os1-stephen863256/qemu-7.0.0/build/meson-private/tmp676a7mfm/testfile.c:4:12: error: #error "Header 'lzfse.h' could not be found"
    4 |           #error "Header 'lzfse.h' could not be found"
      |            ^~~~~

Has header "lzfse.h" : NO 
Running compile:
Working directory:  /workspaces/lab0-0-setup-env-run-os1-stephen863256/qemu-7.0.0/build/meson-private/tmplaci06kr
Command line:  cc -m64 -mcx16 /workspaces/lab0-0-setup-env-run-os1-stephen863256/qemu-7.0.0/build/meson-private/tmplaci06kr/testfile.c -E -P -D_FILE_OFFSET_BITS=64 -P -O0 -std=gnu11 

Code:
 
        #ifdef __has_include
         #if !__has_include("sys/soundcard.h")
          #error "Header 'sys/soundcard.h' could not be found"
         #endif
        #else
         #include <sys/soundcard.h>
        #endif
Compiler stdout:
 
Compiler stderr:
 
Has header "sys/soundcard.h" : YES 
Pkg-config binary for MachineChoice.HOST is cached.
Determining dependency 'gnutls' with pkg-config executable '/usr/bin/pkg-config'
env[PKG_CONFIG_PATH]: 
Called `/usr/bin/pkg-config --modversion gnutls` -> 0
3.6.13
env[PKG_CONFIG_PATH]: 
Called `/usr/bin/pkg-config --cflags gnutls` -> 0
-I/usr/include/p11-kit-1
env[PKG_CONFIG_ALLOW_SYSTEM_LIBS]: 1
env[PKG_CONFIG_PATH]: 
Called `/usr/bin/pkg-config --libs gnutls` -> 0
-L/usr/lib/x86_64-linux-gnu -lgnutls
env[PKG_CONFIG_PATH]: 
Called `/usr/bin/pkg-config --libs gnutls` -> 0
-lgnutls
Dependency gnutls found: NO found 3.6.13 but need: '>=3.6.14'
Run-time dependency gnutls found: NO (tried pkgconfig)
Pkg-config binary for MachineChoice.HOST is cached.
Determining dependency 'gnutls' with pkg-config executable '/usr/bin/pkg-config'
env[PKG_CONFIG_PATH]: 
env[PKG_CONFIG_PATH]: 
env[PKG_CONFIG_ALLOW_SYSTEM_LIBS]: 1
env[PKG_CONFIG_PATH]: 
env[PKG_CONFIG_PATH]: 
Run-time dependency gnutls found: YES 3.6.13
libgcrypt-config binary missing from cross or native file, or env var undefined.
Trying a default libgcrypt-config fallback at libgcrypt-config
libgcrypt-config found: YES (/usr/bin/libgcrypt-config) 1.8.5
Run-time dependency libgcrypt found: YES 1.8.5
Pkg-config binary for MachineChoice.HOST is cached.
Determining dependency 'gtk+-3.0' with pkg-config executable '/usr/bin/pkg-config'
env[PKG_CONFIG_PATH]: 
Called `/usr/bin/pkg-config --modversion gtk+-3.0` -> 1

Run-time dependency gtk+-3.0 found: NO (tried pkgconfig)
Pkg-config binary for MachineChoice.HOST is cached.
Determining dependency 'libpng' with pkg-config executable '/usr/bin/pkg-config'
env[PKG_CONFIG_PATH]: 
Called `/usr/bin/pkg-config --modversion libpng` -> 0
1.6.37
env[PKG_CONFIG_PATH]: 
Called `/usr/bin/pkg-config --cflags libpng` -> 0
-I/usr/include/libpng16
env[PKG_CONFIG_ALLOW_SYSTEM_LIBS]: 1
env[PKG_CONFIG_PATH]: 
Called `/usr/bin/pkg-config --libs libpng` -> 0
-L/usr/lib/x86_64-linux-gnu -lpng16 -lz
env[PKG_CONFIG_PATH]: 
Called `/usr/bin/pkg-config --libs libpng` -> 0
-lpng16 -lz
Run-time dependency libpng found: YES 1.6.37
Pkg-config binary for MachineChoice.HOST is cached.
Determining dependency 'libjpeg' with pkg-config executable '/usr/bin/pkg-config'
env[PKG_CONFIG_PATH]: 
Called `/usr/bin/pkg-config --modversion libjpeg` -> 1

Run-time dependency libjpeg found: NO (tried pkgconfig)
Running compile:
Working directory:  /workspaces/lab0-0-setup-env-run-os1-stephen863256/qemu-7.0.0/build/meson-private/tmp6b5brc65
Command line:  cc -m64 -mcx16 /workspaces/lab0-0-setup-env-run-os1-stephen863256/qemu-7.0.0/build/meson-private/tmp6b5brc65/testfile.c -E -P -D_FILE_OFFSET_BITS=64 -P -O0 -std=gnu11 

Code:
 
        #ifdef __has_include
         #if !__has_include("sasl/sasl.h")
          #error "Header 'sasl/sasl.h' could not be found"
         #endif
        #else
         #include <sasl/sasl.h>
        #endif
Compiler stdout:
 
Compiler stderr:
 /workspaces/lab0-0-setup-env-run-os1-stephen863256/qemu-7.0.0/build/meson-private/tmp6b5brc65/testfile.c:4:12: error: #error "Header 'sasl/sasl.h' could not be found"
    4 |           #error "Header 'sasl/sasl.h' could not be found"
      |            ^~~~~

Has header "sasl/sasl.h" : NO 
Running compile:
Working directory:  /workspaces/lab0-0-setup-env-run-os1-stephen863256/qemu-7.0.0/build/meson-private/tmpun3tdywg
Command line:  cc -m64 -mcx16 /workspaces/lab0-0-setup-env-run-os1-stephen863256/qemu-7.0.0/build/meson-private/tmpun3tdywg/testfile.c -E -P -D_FILE_OFFSET_BITS=64 -P -O0 -std=gnu11 

Code:
 
        #ifdef __has_include
         #if !__has_include("security/pam_appl.h")
          #error "Header 'security/pam_appl.h' could not be found"
         #endif
        #else
         #include <security/pam_appl.h>
        #endif
Compiler stdout:
 
Compiler stderr:
 /workspaces/lab0-0-setup-env-run-os1-stephen863256/qemu-7.0.0/build/meson-private/tmpun3tdywg/testfile.c:4:12: error: #error "Header 'security/pam_appl.h' could not be found"
    4 |           #error "Header 'security/pam_appl.h' could not be found"
      |            ^~~~~

Has header "security/pam_appl.h" : NO 
Running compile:
Working directory:  /workspaces/lab0-0-setup-env-run-os1-stephen863256/qemu-7.0.0/build/meson-private/tmpuh_ffvd1
Command line:  cc -m64 -mcx16 /workspaces/lab0-0-setup-env-run-os1-stephen863256/qemu-7.0.0/build/meson-private/tmpuh_ffvd1/testfile.c -E -P -D_FILE_OFFSET_BITS=64 -P -O0 -std=gnu11 

Code:
 
        #ifdef __has_include
         #if !__has_include("snappy-c.h")
          #error "Header 'snappy-c.h' could not be found"
         #endif
        #else
         #include <snappy-c.h>
        #endif
Compiler stdout:
 
Compiler stderr:
 /workspaces/lab0-0-setup-env-run-os1-stephen863256/qemu-7.0.0/build/meson-private/tmpuh_ffvd1/testfile.c:4:12: error: #error "Header 'snappy-c.h' could not be found"
    4 |           #error "Header 'snappy-c.h' could not be found"
      |            ^~~~~

Has header "snappy-c.h" : NO 
Running compile:
Working directory:  /workspaces/lab0-0-setup-env-run-os1-stephen863256/qemu-7.0.0/build/meson-private/tmplab9uie2
Command line:  cc -m64 -mcx16 /workspaces/lab0-0-setup-env-run-os1-stephen863256/qemu-7.0.0/build/meson-private/tmplab9uie2/testfile.c -E -P -D_FILE_OFFSET_BITS=64 -P -O0 -std=gnu11 

Code:
 
        #ifdef __has_include
         #if !__has_include("lzo/lzo1x.h")
          #error "Header 'lzo/lzo1x.h' could not be found"
         #endif
        #else
         #include <lzo/lzo1x.h>
        #endif
Compiler stdout:
 
Compiler stderr:
 /workspaces/lab0-0-setup-env-run-os1-stephen863256/qemu-7.0.0/build/meson-private/tmplab9uie2/testfile.c:4:12: error: #error "Header 'lzo/lzo1x.h' could not be found"
    4 |           #error "Header 'lzo/lzo1x.h' could not be found"
      |            ^~~~~

Has header "lzo/lzo1x.h" : NO 
Running compile:
Working directory:  /workspaces/lab0-0-setup-env-run-os1-stephen863256/qemu-7.0.0/build/meson-private/tmp54pfucv7
Command line:  cc -m64 -mcx16 /workspaces/lab0-0-setup-env-run-os1-stephen863256/qemu-7.0.0/build/meson-private/tmp54pfucv7/testfile.c -E -P -D_FILE_OFFSET_BITS=64 -P -O0 -std=gnu11 

Code:
 
        #ifdef __has_include
         #if !__has_include("numa.h")
          #error "Header 'numa.h' could not be found"
         #endif
        #else
         #include <numa.h>
        #endif
Compiler stdout:
 
Compiler stderr:
 /workspaces/lab0-0-setup-env-run-os1-stephen863256/qemu-7.0.0/build/meson-private/tmp54pfucv7/testfile.c:4:12: error: #error "Header 'numa.h' could not be found"
    4 |           #error "Header 'numa.h' could not be found"
      |            ^~~~~

Has header "numa.h" : NO 
Pkg-config binary for MachineChoice.HOST is cached.
Determining dependency 'libcacard' with pkg-config executable '/usr/bin/pkg-config'
env[PKG_CONFIG_PATH]: 
Called `/usr/bin/pkg-config --modversion libcacard` -> 1

Run-time dependency libcacard found: NO (tried pkgconfig)
Pkg-config binary for MachineChoice.HOST is cached.
Determining dependency 'u2f-emu' with pkg-config executable '/usr/bin/pkg-config'
env[PKG_CONFIG_PATH]: 
Called `/usr/bin/pkg-config --modversion u2f-emu` -> 1

Run-time dependency u2f-emu found: NO (tried pkgconfig)
Pkg-config binary for MachineChoice.HOST is cached.
Determining dependency 'libusbredirparser-0.5' with pkg-config executable '/usr/bin/pkg-config'
env[PKG_CONFIG_PATH]: 
Called `/usr/bin/pkg-config --modversion libusbredirparser-0.5` -> 1

Run-time dependency libusbredirparser-0.5 found: NO (tried pkgconfig)
Pkg-config binary for MachineChoice.HOST is cached.
Determining dependency 'libusb-1.0' with pkg-config executable '/usr/bin/pkg-config'
env[PKG_CONFIG_PATH]: 
Called `/usr/bin/pkg-config --modversion libusb-1.0` -> 1

Run-time dependency libusb-1.0 found: NO (tried pkgconfig)
Pkg-config binary for MachineChoice.HOST is cached.
Determining dependency 'libpmem' with pkg-config executable '/usr/bin/pkg-config'
env[PKG_CONFIG_PATH]: 
Called `/usr/bin/pkg-config --modversion libpmem` -> 1

Run-time dependency libpmem found: NO (tried pkgconfig)
Pkg-config binary for MachineChoice.HOST is cached.
Determining dependency 'libdaxctl' with pkg-config executable '/usr/bin/pkg-config'
env[PKG_CONFIG_PATH]: 
Called `/usr/bin/pkg-config --modversion libdaxctl` -> 1

Run-time dependency libdaxctl found: NO (tried pkgconfig)
Pkg-config binary for MachineChoice.HOST is cached.
Determining dependency 'libtasn1' with pkg-config executable '/usr/bin/pkg-config'
env[PKG_CONFIG_PATH]: 
Called `/usr/bin/pkg-config --modversion libtasn1` -> 0
4.16.0
env[PKG_CONFIG_PATH]: 
Called `/usr/bin/pkg-config --cflags libtasn1` -> 0

env[PKG_CONFIG_ALLOW_SYSTEM_LIBS]: 1
env[PKG_CONFIG_PATH]: 
Called `/usr/bin/pkg-config --libs libtasn1` -> 0
-L/usr/lib/x86_64-linux-gnu -ltasn1
env[PKG_CONFIG_PATH]: 
Called `/usr/bin/pkg-config --libs libtasn1` -> 0
-ltasn1
Run-time dependency libtasn1 found: YES 4.16.0
Pkg-config binary for MachineChoice.HOST is cached.
Determining dependency 'libkeyutils' with pkg-config executable '/usr/bin/pkg-config'
env[PKG_CONFIG_PATH]: 
Called `/usr/bin/pkg-config --modversion libkeyutils` -> 1

Run-time dependency libkeyutils found: NO (tried pkgconfig)
Running compile:
Working directory:  /workspaces/lab0-0-setup-env-run-os1-stephen863256/qemu-7.0.0/build/meson-private/tmpydfh1635
Command line:  cc -m64 -mcx16 /workspaces/lab0-0-setup-env-run-os1-stephen863256/qemu-7.0.0/build/meson-private/tmpydfh1635/testfile.c -o /workspaces/lab0-0-setup-env-run-os1-stephen863256/qemu-7.0.0/build/meson-private/tmpydfh1635/output.exe -D_FILE_OFFSET_BITS=64 -O0 -std=gnu11 

Code:
 
        #define gettid meson_disable_define_of_gettid
        
        #include <limits.h>
        #undef gettid
        
        #ifdef __cplusplus
        extern "C"
        #endif
        char gettid (void);
        
        #if defined __stub_gettid || defined __stub___gettid
        fail fail fail this function is not going to work
        #endif
        
        int main(void) {
          return gettid ();
        }
Compiler stdout:
 
Compiler stderr:
 
Checking for function "gettid" : YES 
Pkg-config binary for MachineChoice.HOST is cached.
Determining dependency 'libselinux' with pkg-config executable '/usr/bin/pkg-config'
env[PKG_CONFIG_PATH]: 
Called `/usr/bin/pkg-config --modversion libselinux` -> 0
3.0
env[PKG_CONFIG_PATH]: 
Called `/usr/bin/pkg-config --cflags libselinux` -> 0

env[PKG_CONFIG_ALLOW_SYSTEM_LIBS]: 1
env[PKG_CONFIG_PATH]: 
Called `/usr/bin/pkg-config --libs libselinux` -> 0
-L/usr/lib -lselinux
env[PKG_CONFIG_PATH]: 
Called `/usr/bin/pkg-config --libs libselinux` -> 0
-lselinux
Run-time dependency libselinux found: YES 3.0
Running compile:
Working directory:  /workspaces/lab0-0-setup-env-run-os1-stephen863256/qemu-7.0.0/build/meson-private/tmpcf1hpwvz
Command line:  cc -m64 -mcx16 /workspaces/lab0-0-setup-env-run-os1-stephen863256/qemu-7.0.0/build/meson-private/tmpcf1hpwvz/testfile.c -o /workspaces/lab0-0-setup-env-run-os1-stephen863256/qemu-7.0.0/build/meson-private/tmpcf1hpwvz/output.exe -D_FILE_OFFSET_BITS=64 -O0 -std=gnu11 

Code:
 #include <malloc.h>
                int main(void) { malloc_trim(0); return 0; }
Compiler stdout:
 
Compiler stderr:
 
Running compile:
Working directory:  /workspaces/lab0-0-setup-env-run-os1-stephen863256/qemu-7.0.0/build/meson-private/tmp8aurlvwt
Command line:  cc -m64 -mcx16 /workspaces/lab0-0-setup-env-run-os1-stephen863256/qemu-7.0.0/build/meson-private/tmp8aurlvwt/testfile.c -o /workspaces/lab0-0-setup-env-run-os1-stephen863256/qemu-7.0.0/build/meson-private/tmp8aurlvwt/output.exe -D_FILE_OFFSET_BITS=64 -O0 -std=gnu11 

Code:
 
  #ifndef _GNU_SOURCE
  #define _GNU_SOURCE
  #endif

  #include <sys/stat.h>
  int main(void) {
    struct statx statxbuf;
    statx(0, "", 0, STATX_BASIC_STATS, &statxbuf);
    return 0;
  }
Compiler stdout:
 
Compiler stderr:
 
Running compile:
Working directory:  /workspaces/lab0-0-setup-env-run-os1-stephen863256/qemu-7.0.0/build/meson-private/tmplarz6mtt
Command line:  cc -m64 -mcx16 /workspaces/lab0-0-setup-env-run-os1-stephen863256/qemu-7.0.0/build/meson-private/tmplarz6mtt/testfile.c -o /workspaces/lab0-0-setup-env-run-os1-stephen863256/qemu-7.0.0/build/meson-private/tmplarz6mtt/output.exe -D_FILE_OFFSET_BITS=64 -O0 -std=gnu11 

Code:
 
  #ifndef _GNU_SOURCE
  #define _GNU_SOURCE
  #endif

  #include <sys/stat.h>
  int main(void) {
    struct statx statxbuf;
    statx(0, "", 0, STATX_BASIC_STATS | STATX_MNT_ID, &statxbuf);
    return statxbuf.stx_mnt_id;
  }
Compiler stdout:
 
Compiler stderr:
 /workspaces/lab0-0-setup-env-run-os1-stephen863256/qemu-7.0.0/build/meson-private/tmplarz6mtt/testfile.c: In function 'main':
/workspaces/lab0-0-setup-env-run-os1-stephen863256/qemu-7.0.0/build/meson-private/tmplarz6mtt/testfile.c:9:41: error: 'STATX_MNT_ID' undeclared (first use in this function); did you mean 'STATX_MTIME'?
    9 |     statx(0, "", 0, STATX_BASIC_STATS | STATX_MNT_ID, &statxbuf);
      |                                         ^~~~~~~~~~~~
      |                                         STATX_MTIME
/workspaces/lab0-0-setup-env-run-os1-stephen863256/qemu-7.0.0/build/meson-private/tmplarz6mtt/testfile.c:9:41: note: each undeclared identifier is reported only once for each function it appears in
/workspaces/lab0-0-setup-env-run-os1-stephen863256/qemu-7.0.0/build/meson-private/tmplarz6mtt/testfile.c:10:21: error: 'struct statx' has no member named 'stx_mnt_id'; did you mean 'stx_uid'?
   10 |     return statxbuf.stx_mnt_id;
      |                     ^~~~~~~~~~
      |                     stx_uid

Pkg-config binary for MachineChoice.HOST is cached.
Determining dependency 'fuse3' with pkg-config executable '/usr/bin/pkg-config'
env[PKG_CONFIG_PATH]: 
Called `/usr/bin/pkg-config --modversion fuse3` -> 1

Run-time dependency fuse3 found: NO (tried pkgconfig)
Pkg-config binary for MachineChoice.HOST is cached.
Determining dependency 'libbpf' with pkg-config executable '/usr/bin/pkg-config'
env[PKG_CONFIG_PATH]: 
Called `/usr/bin/pkg-config --modversion libbpf` -> 1

Run-time dependency libbpf found: NO (tried pkgconfig)
Running compile:
Working directory:  /workspaces/lab0-0-setup-env-run-os1-stephen863256/qemu-7.0.0/build/meson-private/tmp7b47dgbr
Command line:  cc -m64 -mcx16 /workspaces/lab0-0-setup-env-run-os1-stephen863256/qemu-7.0.0/build/meson-private/tmp7b47dgbr/testfile.c -E -P -D_FILE_OFFSET_BITS=64 -P -O0 -std=gnu11 

Code:
 
        #ifdef __has_include
         #if !__has_include("sys/epoll.h")
          #error "Header 'sys/epoll.h' could not be found"
         #endif
        #else
         #include <sys/epoll.h>
        #endif
Compiler stdout:
 
Compiler stderr:
 
Has header "sys/epoll.h" : YES 
Running compile:
Working directory:  /workspaces/lab0-0-setup-env-run-os1-stephen863256/qemu-7.0.0/build/meson-private/tmpblwwsf2y
Command line:  cc -m64 -mcx16 /workspaces/lab0-0-setup-env-run-os1-stephen863256/qemu-7.0.0/build/meson-private/tmpblwwsf2y/testfile.c -E -P -D_FILE_OFFSET_BITS=64 -P -O0 -std=gnu11 

Code:
 
        #ifdef __has_include
         #if !__has_include("linux/magic.h")
          #error "Header 'linux/magic.h' could not be found"
         #endif
        #else
         #include <linux/magic.h>
        #endif
Compiler stdout:
 
Compiler stderr:
 
Has header "linux/magic.h" : YES 
Running compile:
Working directory:  /workspaces/lab0-0-setup-env-run-os1-stephen863256/qemu-7.0.0/build/meson-private/tmp6ozjw7f8
Command line:  cc -m64 -mcx16 /workspaces/lab0-0-setup-env-run-os1-stephen863256/qemu-7.0.0/build/meson-private/tmp6ozjw7f8/testfile.c -E -P -D_FILE_OFFSET_BITS=64 -P -O0 -std=gnu11 

Code:
 
        #ifdef __has_include
         #if !__has_include("valgrind/valgrind.h")
          #error "Header 'valgrind/valgrind.h' could not be found"
         #endif
        #else
         #include <valgrind/valgrind.h>
        #endif
Compiler stdout:
 
Compiler stderr:
 
Has header "valgrind/valgrind.h" : YES 
Running compile:
Working directory:  /workspaces/lab0-0-setup-env-run-os1-stephen863256/qemu-7.0.0/build/meson-private/tmpxcgia0tl
Command line:  cc -m64 -mcx16 /workspaces/lab0-0-setup-env-run-os1-stephen863256/qemu-7.0.0/build/meson-private/tmpxcgia0tl/testfile.c -E -P -D_FILE_OFFSET_BITS=64 -P -O0 -std=gnu11 

Code:
 
        #ifdef __has_include
         #if !__has_include("linux/btrfs.h")
          #error "Header 'linux/btrfs.h' could not be found"
         #endif
        #else
         #include <linux/btrfs.h>
        #endif
Compiler stdout:
 
Compiler stderr:
 
Has header "linux/btrfs.h" : YES 
Running compile:
Working directory:  /workspaces/lab0-0-setup-env-run-os1-stephen863256/qemu-7.0.0/build/meson-private/tmpc9umo_tn
Command line:  cc -m64 -mcx16 /workspaces/lab0-0-setup-env-run-os1-stephen863256/qemu-7.0.0/build/meson-private/tmpc9umo_tn/testfile.c -E -P -D_FILE_OFFSET_BITS=64 -P -O0 -std=gnu11 

Code:
 
        #ifdef __has_include
         #if !__has_include("libdrm/drm.h")
          #error "Header 'libdrm/drm.h' could not be found"
         #endif
        #else
         #include <libdrm/drm.h>
        #endif
Compiler stdout:
 
Compiler stderr:
 /workspaces/lab0-0-setup-env-run-os1-stephen863256/qemu-7.0.0/build/meson-private/tmpc9umo_tn/testfile.c:4:12: error: #error "Header 'libdrm/drm.h' could not be found"
    4 |           #error "Header 'libdrm/drm.h' could not be found"
      |            ^~~~~

Has header "libdrm/drm.h" : NO 
Running compile:
Working directory:  /workspaces/lab0-0-setup-env-run-os1-stephen863256/qemu-7.0.0/build/meson-private/tmptww2ysx1
Command line:  cc -m64 -mcx16 /workspaces/lab0-0-setup-env-run-os1-stephen863256/qemu-7.0.0/build/meson-private/tmptww2ysx1/testfile.c -E -P -D_FILE_OFFSET_BITS=64 -P -O0 -std=gnu11 

Code:
 
        #ifdef __has_include
         #if !__has_include("pty.h")
          #error "Header 'pty.h' could not be found"
         #endif
        #else
         #include <pty.h>
        #endif
Compiler stdout:
 
Compiler stderr:
 
Has header "pty.h" : YES 
Running compile:
Working directory:  /workspaces/lab0-0-setup-env-run-os1-stephen863256/qemu-7.0.0/build/meson-private/tmpvdiluptn
Command line:  cc -m64 -mcx16 /workspaces/lab0-0-setup-env-run-os1-stephen863256/qemu-7.0.0/build/meson-private/tmpvdiluptn/testfile.c -E -P -D_FILE_OFFSET_BITS=64 -P -O0 -std=gnu11 

Code:
 
        #ifdef __has_include
         #if !__has_include("sys/disk.h")
          #error "Header 'sys/disk.h' could not be found"
         #endif
        #else
         #include <sys/disk.h>
        #endif
Compiler stdout:
 
Compiler stderr:
 /workspaces/lab0-0-setup-env-run-os1-stephen863256/qemu-7.0.0/build/meson-private/tmpvdiluptn/testfile.c:4:12: error: #error "Header 'sys/disk.h' could not be found"
    4 |           #error "Header 'sys/disk.h' could not be found"
      |            ^~~~~

Has header "sys/disk.h" : NO 
Running compile:
Working directory:  /workspaces/lab0-0-setup-env-run-os1-stephen863256/qemu-7.0.0/build/meson-private/tmprwvhn4un
Command line:  cc -m64 -mcx16 /workspaces/lab0-0-setup-env-run-os1-stephen863256/qemu-7.0.0/build/meson-private/tmprwvhn4un/testfile.c -E -P -D_FILE_OFFSET_BITS=64 -P -O0 -std=gnu11 

Code:
 
        #ifdef __has_include
         #if !__has_include("sys/ioccom.h")
          #error "Header 'sys/ioccom.h' could not be found"
         #endif
        #else
         #include <sys/ioccom.h>
        #endif
Compiler stdout:
 
Compiler stderr:
 /workspaces/lab0-0-setup-env-run-os1-stephen863256/qemu-7.0.0/build/meson-private/tmprwvhn4un/testfile.c:4:12: error: #error "Header 'sys/ioccom.h' could not be found"
    4 |           #error "Header 'sys/ioccom.h' could not be found"
      |            ^~~~~

Has header "sys/ioccom.h" : NO 
Running compile:
Working directory:  /workspaces/lab0-0-setup-env-run-os1-stephen863256/qemu-7.0.0/build/meson-private/tmp4vuawsgd
Command line:  cc -m64 -mcx16 /workspaces/lab0-0-setup-env-run-os1-stephen863256/qemu-7.0.0/build/meson-private/tmp4vuawsgd/testfile.c -E -P -D_FILE_OFFSET_BITS=64 -P -O0 -std=gnu11 

Code:
 
        #ifdef __has_include
         #if !__has_include("sys/kcov.h")
          #error "Header 'sys/kcov.h' could not be found"
         #endif
        #else
         #include <sys/kcov.h>
        #endif
Compiler stdout:
 
Compiler stderr:
 /workspaces/lab0-0-setup-env-run-os1-stephen863256/qemu-7.0.0/build/meson-private/tmp4vuawsgd/testfile.c:4:12: error: #error "Header 'sys/kcov.h' could not be found"
    4 |           #error "Header 'sys/kcov.h' could not be found"
      |            ^~~~~

Has header "sys/kcov.h" : NO 
Running compile:
Working directory:  /workspaces/lab0-0-setup-env-run-os1-stephen863256/qemu-7.0.0/build/meson-private/tmpax2820rq
Command line:  cc -m64 -mcx16 /workspaces/lab0-0-setup-env-run-os1-stephen863256/qemu-7.0.0/build/meson-private/tmpax2820rq/testfile.c -o /workspaces/lab0-0-setup-env-run-os1-stephen863256/qemu-7.0.0/build/meson-private/tmpax2820rq/output.exe -D_FILE_OFFSET_BITS=64 -O0 -std=gnu11 

Code:
 
        #define accept4 meson_disable_define_of_accept4
        
        #include <limits.h>
        #undef accept4
        
        #ifdef __cplusplus
        extern "C"
        #endif
        char accept4 (void);
        
        #if defined __stub_accept4 || defined __stub___accept4
        fail fail fail this function is not going to work
        #endif
        
        int main(void) {
          return accept4 ();
        }
Compiler stdout:
 
Compiler stderr:
 
Checking for function "accept4" : YES 
Running compile:
Working directory:  /workspaces/lab0-0-setup-env-run-os1-stephen863256/qemu-7.0.0/build/meson-private/tmpa3nk6flv
Command line:  cc -m64 -mcx16 /workspaces/lab0-0-setup-env-run-os1-stephen863256/qemu-7.0.0/build/meson-private/tmpa3nk6flv/testfile.c -o /workspaces/lab0-0-setup-env-run-os1-stephen863256/qemu-7.0.0/build/meson-private/tmpa3nk6flv/output.exe -D_FILE_OFFSET_BITS=64 -O0 -std=gnu11 

Code:
 
        #define clock_adjtime meson_disable_define_of_clock_adjtime
        
        #include <limits.h>
        #undef clock_adjtime
        
        #ifdef __cplusplus
        extern "C"
        #endif
        char clock_adjtime (void);
        
        #if defined __stub_clock_adjtime || defined __stub___clock_adjtime
        fail fail fail this function is not going to work
        #endif
        
        int main(void) {
          return clock_adjtime ();
        }
Compiler stdout:
 
Compiler stderr:
 
Checking for function "clock_adjtime" : YES 
Running compile:
Working directory:  /workspaces/lab0-0-setup-env-run-os1-stephen863256/qemu-7.0.0/build/meson-private/tmptz_xv6br
Command line:  cc -m64 -mcx16 /workspaces/lab0-0-setup-env-run-os1-stephen863256/qemu-7.0.0/build/meson-private/tmptz_xv6br/testfile.c -o /workspaces/lab0-0-setup-env-run-os1-stephen863256/qemu-7.0.0/build/meson-private/tmptz_xv6br/output.exe -D_FILE_OFFSET_BITS=64 -O0 -std=gnu11 

Code:
 
        #define dup3 meson_disable_define_of_dup3
        
        #include <limits.h>
        #undef dup3
        
        #ifdef __cplusplus
        extern "C"
        #endif
        char dup3 (void);
        
        #if defined __stub_dup3 || defined __stub___dup3
        fail fail fail this function is not going to work
        #endif
        
        int main(void) {
          return dup3 ();
        }
Compiler stdout:
 
Compiler stderr:
 
Checking for function "dup3" : YES 
Running compile:
Working directory:  /workspaces/lab0-0-setup-env-run-os1-stephen863256/qemu-7.0.0/build/meson-private/tmpq6yp0yp2
Command line:  cc -m64 -mcx16 /workspaces/lab0-0-setup-env-run-os1-stephen863256/qemu-7.0.0/build/meson-private/tmpq6yp0yp2/testfile.c -o /workspaces/lab0-0-setup-env-run-os1-stephen863256/qemu-7.0.0/build/meson-private/tmpq6yp0yp2/output.exe -D_FILE_OFFSET_BITS=64 -O0 -std=gnu11 

Code:
 
        #define fallocate meson_disable_define_of_fallocate
        
        #include <limits.h>
        #undef fallocate
        
        #ifdef __cplusplus
        extern "C"
        #endif
        char fallocate (void);
        
        #if defined __stub_fallocate || defined __stub___fallocate
        fail fail fail this function is not going to work
        #endif
        
        int main(void) {
          return fallocate ();
        }
Compiler stdout:
 
Compiler stderr:
 
Checking for function "fallocate" : YES 
Running compile:
Working directory:  /workspaces/lab0-0-setup-env-run-os1-stephen863256/qemu-7.0.0/build/meson-private/tmpktrfcmaq
Command line:  cc -m64 -mcx16 /workspaces/lab0-0-setup-env-run-os1-stephen863256/qemu-7.0.0/build/meson-private/tmpktrfcmaq/testfile.c -o /workspaces/lab0-0-setup-env-run-os1-stephen863256/qemu-7.0.0/build/meson-private/tmpktrfcmaq/output.exe -D_FILE_OFFSET_BITS=64 -O0 -std=gnu11 

Code:
 
        #define posix_fallocate meson_disable_define_of_posix_fallocate
        
        #include <limits.h>
        #undef posix_fallocate
        
        #ifdef __cplusplus
        extern "C"
        #endif
        char posix_fallocate (void);
        
        #if defined __stub_posix_fallocate || defined __stub___posix_fallocate
        fail fail fail this function is not going to work
        #endif
        
        int main(void) {
          return posix_fallocate ();
        }
Compiler stdout:
 
Compiler stderr:
 
Checking for function "posix_fallocate" : YES 
Running compile:
Working directory:  /workspaces/lab0-0-setup-env-run-os1-stephen863256/qemu-7.0.0/build/meson-private/tmplke6elcu
Command line:  cc -m64 -mcx16 /workspaces/lab0-0-setup-env-run-os1-stephen863256/qemu-7.0.0/build/meson-private/tmplke6elcu/testfile.c -o /workspaces/lab0-0-setup-env-run-os1-stephen863256/qemu-7.0.0/build/meson-private/tmplke6elcu/output.exe -D_FILE_OFFSET_BITS=64 -O0 -std=gnu11 

Code:
 #include <stdlib.h>
#include <limits.h>

        #if defined __stub_posix_memalign || defined __stub___posix_memalign
        fail fail fail this function is not going to work
        #endif
        
int main(void) {
            void *a = (void*) &posix_memalign;
            long long b = (long long) a;
            return (int) b;
        }
Compiler stdout:
 
Compiler stderr:
 
Checking for function "posix_memalign" : YES 
Running compile:
Working directory:  /workspaces/lab0-0-setup-env-run-os1-stephen863256/qemu-7.0.0/build/meson-private/tmpv02x7q05
Command line:  cc -m64 -mcx16 /workspaces/lab0-0-setup-env-run-os1-stephen863256/qemu-7.0.0/build/meson-private/tmpv02x7q05/testfile.c -o /workspaces/lab0-0-setup-env-run-os1-stephen863256/qemu-7.0.0/build/meson-private/tmpv02x7q05/output.exe -D_FILE_OFFSET_BITS=64 -O0 -std=gnu11 

Code:
 
        #define _aligned_malloc meson_disable_define_of__aligned_malloc
        
        #include <limits.h>
        #undef _aligned_malloc
        
        #ifdef __cplusplus
        extern "C"
        #endif
        char _aligned_malloc (void);
        
        #if defined __stub__aligned_malloc || defined __stub____aligned_malloc
        fail fail fail this function is not going to work
        #endif
        
        int main(void) {
          return _aligned_malloc ();
        }
Compiler stdout:
 
Compiler stderr:
 /usr/bin/ld: /tmp/ccoY4BxB.o: in function `main':
testfile.c:(.text+0x9): undefined reference to `_aligned_malloc'
collect2: error: ld returned 1 exit status

Running compile:
Working directory:  /workspaces/lab0-0-setup-env-run-os1-stephen863256/qemu-7.0.0/build/meson-private/tmp_xrppui3
Command line:  cc -m64 -mcx16 /workspaces/lab0-0-setup-env-run-os1-stephen863256/qemu-7.0.0/build/meson-private/tmp_xrppui3/testfile.c -o /workspaces/lab0-0-setup-env-run-os1-stephen863256/qemu-7.0.0/build/meson-private/tmp_xrppui3/output.exe -D_FILE_OFFSET_BITS=64 -O0 -std=gnu11 

Code:
 
        int main(void) {

        /* With some toolchains (MSYS2/mingw for example) the compiler
         * provides various builtins which are not really implemented and
         * fall back to the stdlib where they aren't provided and fail at
         * build/link time. In case the user provides a header, including
         * the header didn't lead to the function being defined, and the
         * function we are checking isn't a builtin itself we assume the
         * builtin is not functional and we just error out. */
        #if !1 && !defined(_aligned_malloc) && !0
            #error "No definition for __builtin__aligned_malloc found in the prefix"
        #endif

        #ifdef __has_builtin
            #if !__has_builtin(__builtin__aligned_malloc)
                #error "__builtin__aligned_malloc not found"
            #endif
        #elif ! defined(_aligned_malloc)
            __builtin__aligned_malloc;
        #endif
        return 0;
        }
Compiler stdout:
 
Compiler stderr:
 /workspaces/lab0-0-setup-env-run-os1-stephen863256/qemu-7.0.0/build/meson-private/tmp_xrppui3/testfile.c: In function 'main':
/workspaces/lab0-0-setup-env-run-os1-stephen863256/qemu-7.0.0/build/meson-private/tmp_xrppui3/testfile.c:20:13: error: '__builtin__aligned_malloc' undeclared (first use in this function); did you mean '__builtin_aligned_alloc'?
   20 |             __builtin__aligned_malloc;
      |             ^~~~~~~~~~~~~~~~~~~~~~~~~
      |             __builtin_aligned_alloc
/workspaces/lab0-0-setup-env-run-os1-stephen863256/qemu-7.0.0/build/meson-private/tmp_xrppui3/testfile.c:20:13: note: each undeclared identifier is reported only once for each function it appears in

Checking for function "_aligned_malloc" : NO 
Running compile:
Working directory:  /workspaces/lab0-0-setup-env-run-os1-stephen863256/qemu-7.0.0/build/meson-private/tmp9iot8906
Command line:  cc -m64 -mcx16 /workspaces/lab0-0-setup-env-run-os1-stephen863256/qemu-7.0.0/build/meson-private/tmp9iot8906/testfile.c -o /workspaces/lab0-0-setup-env-run-os1-stephen863256/qemu-7.0.0/build/meson-private/tmp9iot8906/output.exe -D_FILE_OFFSET_BITS=64 -O0 -std=gnu11 

Code:
 
        #define valloc meson_disable_define_of_valloc
        
        #include <limits.h>
        #undef valloc
        
        #ifdef __cplusplus
        extern "C"
        #endif
        char valloc (void);
        
        #if defined __stub_valloc || defined __stub___valloc
        fail fail fail this function is not going to work
        #endif
        
        int main(void) {
          return valloc ();
        }
Compiler stdout:
 
Compiler stderr:
 
Checking for function "valloc" : YES 
Running compile:
Working directory:  /workspaces/lab0-0-setup-env-run-os1-stephen863256/qemu-7.0.0/build/meson-private/tmp60hhrp_n
Command line:  cc -m64 -mcx16 /workspaces/lab0-0-setup-env-run-os1-stephen863256/qemu-7.0.0/build/meson-private/tmp60hhrp_n/testfile.c -o /workspaces/lab0-0-setup-env-run-os1-stephen863256/qemu-7.0.0/build/meson-private/tmp60hhrp_n/output.exe -D_FILE_OFFSET_BITS=64 -O0 -std=gnu11 

Code:
 
        #define memalign meson_disable_define_of_memalign
        
        #include <limits.h>
        #undef memalign
        
        #ifdef __cplusplus
        extern "C"
        #endif
        char memalign (void);
        
        #if defined __stub_memalign || defined __stub___memalign
        fail fail fail this function is not going to work
        #endif
        
        int main(void) {
          return memalign ();
        }
Compiler stdout:
 
Compiler stderr:
 
Checking for function "memalign" : YES 
Running compile:
Working directory:  /workspaces/lab0-0-setup-env-run-os1-stephen863256/qemu-7.0.0/build/meson-private/tmpljp012o2
Command line:  cc -m64 -mcx16 /workspaces/lab0-0-setup-env-run-os1-stephen863256/qemu-7.0.0/build/meson-private/tmpljp012o2/testfile.c -o /workspaces/lab0-0-setup-env-run-os1-stephen863256/qemu-7.0.0/build/meson-private/tmpljp012o2/output.exe -D_FILE_OFFSET_BITS=64 -O0 -std=gnu11 

Code:
 
        #define ppoll meson_disable_define_of_ppoll
        
        #include <limits.h>
        #undef ppoll
        
        #ifdef __cplusplus
        extern "C"
        #endif
        char ppoll (void);
        
        #if defined __stub_ppoll || defined __stub___ppoll
        fail fail fail this function is not going to work
        #endif
        
        int main(void) {
          return ppoll ();
        }
Compiler stdout:
 
Compiler stderr:
 
Checking for function "ppoll" : YES 
Running compile:
Working directory:  /workspaces/lab0-0-setup-env-run-os1-stephen863256/qemu-7.0.0/build/meson-private/tmpbwhei3t1
Command line:  cc -m64 -mcx16 /workspaces/lab0-0-setup-env-run-os1-stephen863256/qemu-7.0.0/build/meson-private/tmpbwhei3t1/testfile.c -o /workspaces/lab0-0-setup-env-run-os1-stephen863256/qemu-7.0.0/build/meson-private/tmpbwhei3t1/output.exe -D_FILE_OFFSET_BITS=64 -O0 -std=gnu11 

Code:
 #include <sys/uio.h>
#include <limits.h>

        #if defined __stub_preadv || defined __stub___preadv
        fail fail fail this function is not going to work
        #endif
        
int main(void) {
            void *a = (void*) &preadv;
            long long b = (long long) a;
            return (int) b;
        }
Compiler stdout:
 
Compiler stderr:
 
Checking for function "preadv" : YES 
Running compile:
Working directory:  /workspaces/lab0-0-setup-env-run-os1-stephen863256/qemu-7.0.0/build/meson-private/tmpqlx1mism
Command line:  cc -m64 -mcx16 /workspaces/lab0-0-setup-env-run-os1-stephen863256/qemu-7.0.0/build/meson-private/tmpqlx1mism/testfile.c -o /workspaces/lab0-0-setup-env-run-os1-stephen863256/qemu-7.0.0/build/meson-private/tmpqlx1mism/output.exe -D_FILE_OFFSET_BITS=64 -O0 -std=gnu11 

Code:
 
        #define pthread_fchdir_np meson_disable_define_of_pthread_fchdir_np
        
        #include <limits.h>
        #undef pthread_fchdir_np
        
        #ifdef __cplusplus
        extern "C"
        #endif
        char pthread_fchdir_np (void);
        
        #if defined __stub_pthread_fchdir_np || defined __stub___pthread_fchdir_np
        fail fail fail this function is not going to work
        #endif
        
        int main(void) {
          return pthread_fchdir_np ();
        }
Compiler stdout:
 
Compiler stderr:
 /usr/bin/ld: /tmp/ccKNu1NB.o: in function `main':
testfile.c:(.text+0x9): undefined reference to `pthread_fchdir_np'
collect2: error: ld returned 1 exit status

Running compile:
Working directory:  /workspaces/lab0-0-setup-env-run-os1-stephen863256/qemu-7.0.0/build/meson-private/tmp7y_4frk5
Command line:  cc -m64 -mcx16 /workspaces/lab0-0-setup-env-run-os1-stephen863256/qemu-7.0.0/build/meson-private/tmp7y_4frk5/testfile.c -o /workspaces/lab0-0-setup-env-run-os1-stephen863256/qemu-7.0.0/build/meson-private/tmp7y_4frk5/output.exe -D_FILE_OFFSET_BITS=64 -O0 -std=gnu11 

Code:
 
        int main(void) {

        /* With some toolchains (MSYS2/mingw for example) the compiler
         * provides various builtins which are not really implemented and
         * fall back to the stdlib where they aren't provided and fail at
         * build/link time. In case the user provides a header, including
         * the header didn't lead to the function being defined, and the
         * function we are checking isn't a builtin itself we assume the
         * builtin is not functional and we just error out. */
        #if !1 && !defined(pthread_fchdir_np) && !0
            #error "No definition for __builtin_pthread_fchdir_np found in the prefix"
        #endif

        #ifdef __has_builtin
            #if !__has_builtin(__builtin_pthread_fchdir_np)
                #error "__builtin_pthread_fchdir_np not found"
            #endif
        #elif ! defined(pthread_fchdir_np)
            __builtin_pthread_fchdir_np;
        #endif
        return 0;
        }
Compiler stdout:
 
Compiler stderr:
 /workspaces/lab0-0-setup-env-run-os1-stephen863256/qemu-7.0.0/build/meson-private/tmp7y_4frk5/testfile.c: In function 'main':
/workspaces/lab0-0-setup-env-run-os1-stephen863256/qemu-7.0.0/build/meson-private/tmp7y_4frk5/testfile.c:20:13: error: '__builtin_pthread_fchdir_np' undeclared (first use in this function); did you mean '__builtin_thread_pointer'?
   20 |             __builtin_pthread_fchdir_np;
      |             ^~~~~~~~~~~~~~~~~~~~~~~~~~~
      |             __builtin_thread_pointer
/workspaces/lab0-0-setup-env-run-os1-stephen863256/qemu-7.0.0/build/meson-private/tmp7y_4frk5/testfile.c:20:13: note: each undeclared identifier is reported only once for each function it appears in

Checking for function "pthread_fchdir_np" : NO 
Running compile:
Working directory:  /workspaces/lab0-0-setup-env-run-os1-stephen863256/qemu-7.0.0/build/meson-private/tmput53piqa
Command line:  cc -m64 -mcx16 /workspaces/lab0-0-setup-env-run-os1-stephen863256/qemu-7.0.0/build/meson-private/tmput53piqa/testfile.c -o /workspaces/lab0-0-setup-env-run-os1-stephen863256/qemu-7.0.0/build/meson-private/tmput53piqa/output.exe -pthread -D_FILE_OFFSET_BITS=64 -O0 -std=gnu11 

Code:
 
        #define sem_timedwait meson_disable_define_of_sem_timedwait
        
        #include <limits.h>
        #undef sem_timedwait
        
        #ifdef __cplusplus
        extern "C"
        #endif
        char sem_timedwait (void);
        
        #if defined __stub_sem_timedwait || defined __stub___sem_timedwait
        fail fail fail this function is not going to work
        #endif
        
        int main(void) {
          return sem_timedwait ();
        }
Compiler stdout:
 
Compiler stderr:
 
Checking for function "sem_timedwait" with dependency threads: YES 
Running compile:
Working directory:  /workspaces/lab0-0-setup-env-run-os1-stephen863256/qemu-7.0.0/build/meson-private/tmp0sz7hcr5
Command line:  cc -m64 -mcx16 /workspaces/lab0-0-setup-env-run-os1-stephen863256/qemu-7.0.0/build/meson-private/tmp0sz7hcr5/testfile.c -o /workspaces/lab0-0-setup-env-run-os1-stephen863256/qemu-7.0.0/build/meson-private/tmp0sz7hcr5/output.exe -D_FILE_OFFSET_BITS=64 -O0 -std=gnu11 

Code:
 
        #define sendfile meson_disable_define_of_sendfile
        
        #include <limits.h>
        #undef sendfile
        
        #ifdef __cplusplus
        extern "C"
        #endif
        char sendfile (void);
        
        #if defined __stub_sendfile || defined __stub___sendfile
        fail fail fail this function is not going to work
        #endif
        
        int main(void) {
          return sendfile ();
        }
Compiler stdout:
 
Compiler stderr:
 
Checking for function "sendfile" : YES 
Running compile:
Working directory:  /workspaces/lab0-0-setup-env-run-os1-stephen863256/qemu-7.0.0/build/meson-private/tmpuuys9i92
Command line:  cc -m64 -mcx16 /workspaces/lab0-0-setup-env-run-os1-stephen863256/qemu-7.0.0/build/meson-private/tmpuuys9i92/testfile.c -o /workspaces/lab0-0-setup-env-run-os1-stephen863256/qemu-7.0.0/build/meson-private/tmpuuys9i92/output.exe -D_FILE_OFFSET_BITS=64 -O0 -std=gnu11 

Code:
 
        #define setns meson_disable_define_of_setns
        
        #include <limits.h>
        #undef setns
        
        #ifdef __cplusplus
        extern "C"
        #endif
        char setns (void);
        
        #if defined __stub_setns || defined __stub___setns
        fail fail fail this function is not going to work
        #endif
        
        int main(void) {
          return setns ();
        }
Compiler stdout:
 
Compiler stderr:
 
Checking for function "setns" : YES 
Running compile:
Working directory:  /workspaces/lab0-0-setup-env-run-os1-stephen863256/qemu-7.0.0/build/meson-private/tmpbb_5xddc
Command line:  cc -m64 -mcx16 /workspaces/lab0-0-setup-env-run-os1-stephen863256/qemu-7.0.0/build/meson-private/tmpbb_5xddc/testfile.c -o /workspaces/lab0-0-setup-env-run-os1-stephen863256/qemu-7.0.0/build/meson-private/tmpbb_5xddc/output.exe -D_FILE_OFFSET_BITS=64 -O0 -std=gnu11 

Code:
 
        #define unshare meson_disable_define_of_unshare
        
        #include <limits.h>
        #undef unshare
        
        #ifdef __cplusplus
        extern "C"
        #endif
        char unshare (void);
        
        #if defined __stub_unshare || defined __stub___unshare
        fail fail fail this function is not going to work
        #endif
        
        int main(void) {
          return unshare ();
        }
Compiler stdout:
 
Compiler stderr:
 
Checking for function "unshare" : YES 
Running compile:
Working directory:  /workspaces/lab0-0-setup-env-run-os1-stephen863256/qemu-7.0.0/build/meson-private/tmpuwz8j875
Command line:  cc -m64 -mcx16 /workspaces/lab0-0-setup-env-run-os1-stephen863256/qemu-7.0.0/build/meson-private/tmpuwz8j875/testfile.c -o /workspaces/lab0-0-setup-env-run-os1-stephen863256/qemu-7.0.0/build/meson-private/tmpuwz8j875/output.exe -D_FILE_OFFSET_BITS=64 -O0 -std=gnu11 

Code:
 
        #define syncfs meson_disable_define_of_syncfs
        
        #include <limits.h>
        #undef syncfs
        
        #ifdef __cplusplus
        extern "C"
        #endif
        char syncfs (void);
        
        #if defined __stub_syncfs || defined __stub___syncfs
        fail fail fail this function is not going to work
        #endif
        
        int main(void) {
          return syncfs ();
        }
Compiler stdout:
 
Compiler stderr:
 
Checking for function "syncfs" : YES 
Running compile:
Working directory:  /workspaces/lab0-0-setup-env-run-os1-stephen863256/qemu-7.0.0/build/meson-private/tmpf7moqndp
Command line:  cc -m64 -mcx16 /workspaces/lab0-0-setup-env-run-os1-stephen863256/qemu-7.0.0/build/meson-private/tmpf7moqndp/testfile.c -o /workspaces/lab0-0-setup-env-run-os1-stephen863256/qemu-7.0.0/build/meson-private/tmpf7moqndp/output.exe -D_FILE_OFFSET_BITS=64 -O0 -std=gnu11 

Code:
 
        #define sync_file_range meson_disable_define_of_sync_file_range
        
        #include <limits.h>
        #undef sync_file_range
        
        #ifdef __cplusplus
        extern "C"
        #endif
        char sync_file_range (void);
        
        #if defined __stub_sync_file_range || defined __stub___sync_file_range
        fail fail fail this function is not going to work
        #endif
        
        int main(void) {
          return sync_file_range ();
        }
Compiler stdout:
 
Compiler stderr:
 
Checking for function "sync_file_range" : YES 
Running compile:
Working directory:  /workspaces/lab0-0-setup-env-run-os1-stephen863256/qemu-7.0.0/build/meson-private/tmpgv48nage
Command line:  cc -m64 -mcx16 /workspaces/lab0-0-setup-env-run-os1-stephen863256/qemu-7.0.0/build/meson-private/tmpgv48nage/testfile.c -o /workspaces/lab0-0-setup-env-run-os1-stephen863256/qemu-7.0.0/build/meson-private/tmpgv48nage/output.exe -D_FILE_OFFSET_BITS=64 -O0 -std=gnu11 

Code:
 
        #define timerfd_create meson_disable_define_of_timerfd_create
        
        #include <limits.h>
        #undef timerfd_create
        
        #ifdef __cplusplus
        extern "C"
        #endif
        char timerfd_create (void);
        
        #if defined __stub_timerfd_create || defined __stub___timerfd_create
        fail fail fail this function is not going to work
        #endif
        
        int main(void) {
          return timerfd_create ();
        }
Compiler stdout:
 
Compiler stderr:
 
Checking for function "timerfd_create" : YES 
Running compile:
Working directory:  /workspaces/lab0-0-setup-env-run-os1-stephen863256/qemu-7.0.0/build/meson-private/tmpyofi8s2f
Command line:  cc -m64 -mcx16 /workspaces/lab0-0-setup-env-run-os1-stephen863256/qemu-7.0.0/build/meson-private/tmpyofi8s2f/testfile.c -o /workspaces/lab0-0-setup-env-run-os1-stephen863256/qemu-7.0.0/build/meson-private/tmpyofi8s2f/output.exe -D_FILE_OFFSET_BITS=64 -O0 -std=gnu11 

Code:
 
        #define copy_file_range meson_disable_define_of_copy_file_range
        
        #include <limits.h>
        #undef copy_file_range
        
        #ifdef __cplusplus
        extern "C"
        #endif
        char copy_file_range (void);
        
        #if defined __stub_copy_file_range || defined __stub___copy_file_range
        fail fail fail this function is not going to work
        #endif
        
        int main(void) {
          return copy_file_range ();
        }
Compiler stdout:
 
Compiler stderr:
 
Checking for function "copy_file_range" : YES 
Running compile:
Working directory:  /workspaces/lab0-0-setup-env-run-os1-stephen863256/qemu-7.0.0/build/meson-private/tmp28nicu80
Command line:  cc -m64 -mcx16 /workspaces/lab0-0-setup-env-run-os1-stephen863256/qemu-7.0.0/build/meson-private/tmp28nicu80/testfile.c -o /workspaces/lab0-0-setup-env-run-os1-stephen863256/qemu-7.0.0/build/meson-private/tmp28nicu80/output.exe -D_FILE_OFFSET_BITS=64 -O0 -std=gnu11 -Wl,--start-group -lutil -Wl,--end-group 

Code:
 
        #define openpty meson_disable_define_of_openpty
        
        #include <limits.h>
        #undef openpty
        
        #ifdef __cplusplus
        extern "C"
        #endif
        char openpty (void);
        
        #if defined __stub_openpty || defined __stub___openpty
        fail fail fail this function is not going to work
        #endif
        
        int main(void) {
          return openpty ();
        }
Compiler stdout:
 
Compiler stderr:
 
Checking for function "openpty" with dependency -lutil: YES 
Running compile:
Working directory:  /workspaces/lab0-0-setup-env-run-os1-stephen863256/qemu-7.0.0/build/meson-private/tmpp21owgxa
Command line:  cc -m64 -mcx16 /workspaces/lab0-0-setup-env-run-os1-stephen863256/qemu-7.0.0/build/meson-private/tmpp21owgxa/testfile.c -o /workspaces/lab0-0-setup-env-run-os1-stephen863256/qemu-7.0.0/build/meson-private/tmpp21owgxa/output.exe -D_FILE_OFFSET_BITS=64 -O0 -std=gnu11 

Code:
 
        #define strchrnul meson_disable_define_of_strchrnul
        
        #include <limits.h>
        #undef strchrnul
        
        #ifdef __cplusplus
        extern "C"
        #endif
        char strchrnul (void);
        
        #if defined __stub_strchrnul || defined __stub___strchrnul
        fail fail fail this function is not going to work
        #endif
        
        int main(void) {
          return strchrnul ();
        }
Compiler stdout:
 
Compiler stderr:
 
Checking for function "strchrnul" : YES 
Running compile:
Working directory:  /workspaces/lab0-0-setup-env-run-os1-stephen863256/qemu-7.0.0/build/meson-private/tmpim8gersh
Command line:  cc -m64 -mcx16 /workspaces/lab0-0-setup-env-run-os1-stephen863256/qemu-7.0.0/build/meson-private/tmpim8gersh/testfile.c -o /workspaces/lab0-0-setup-env-run-os1-stephen863256/qemu-7.0.0/build/meson-private/tmpim8gersh/output.exe -D_FILE_OFFSET_BITS=64 -O0 -std=gnu11 

Code:
 #include <stdlib.h>
#include <limits.h>

        #if defined __stub_system || defined __stub___system
        fail fail fail this function is not going to work
        #endif
        
int main(void) {
            void *a = (void*) &system;
            long long b = (long long) a;
            return (int) b;
        }
Compiler stdout:
 
Compiler stderr:
 
Checking for function "system" : YES 
Running compile:
Working directory:  /workspaces/lab0-0-setup-env-run-os1-stephen863256/qemu-7.0.0/build/meson-private/tmpypa6ywbz
Command line:  cc -m64 -mcx16 /workspaces/lab0-0-setup-env-run-os1-stephen863256/qemu-7.0.0/build/meson-private/tmpypa6ywbz/testfile.c -o /workspaces/lab0-0-setup-env-run-os1-stephen863256/qemu-7.0.0/build/meson-private/tmpypa6ywbz/output.obj -c -D_FILE_OFFSET_BITS=64 -O0 -std=gnu11 

Code:
 
        #include <byteswap.h>
        int main(void) {
            /* If it's not defined as a macro, try to use as a symbol */
            #ifndef bswap_32
                bswap_32;
            #endif
            return 0;
        }
Compiler stdout:
 
Compiler stderr:
 
Header <byteswap.h> has symbol "bswap_32" : YES 
Running compile:
Working directory:  /workspaces/lab0-0-setup-env-run-os1-stephen863256/qemu-7.0.0/build/meson-private/tmp_04fmlzu
Command line:  cc -m64 -mcx16 /workspaces/lab0-0-setup-env-run-os1-stephen863256/qemu-7.0.0/build/meson-private/tmp_04fmlzu/testfile.c -o /workspaces/lab0-0-setup-env-run-os1-stephen863256/qemu-7.0.0/build/meson-private/tmp_04fmlzu/output.obj -c -D_FILE_OFFSET_BITS=64 -O0 -std=gnu11 

Code:
 
        #include <sys/epoll.h>
        int main(void) {
            /* If it's not defined as a macro, try to use as a symbol */
            #ifndef epoll_create1
                epoll_create1;
            #endif
            return 0;
        }
Compiler stdout:
 
Compiler stderr:
 
Header <sys/epoll.h> has symbol "epoll_create1" : YES 
Running compile:
Working directory:  /workspaces/lab0-0-setup-env-run-os1-stephen863256/qemu-7.0.0/build/meson-private/tmpere7ehfk
Command line:  cc -m64 -mcx16 /workspaces/lab0-0-setup-env-run-os1-stephen863256/qemu-7.0.0/build/meson-private/tmpere7ehfk/testfile.c -o /workspaces/lab0-0-setup-env-run-os1-stephen863256/qemu-7.0.0/build/meson-private/tmpere7ehfk/output.obj -c -D_FILE_OFFSET_BITS=64 -O0 -std=gnu11 

Code:
 
  #ifndef _GNU_SOURCE
  #define _GNU_SOURCE
  #endif

        #include <unistd.h>
        int main(void) {
            /* If it's not defined as a macro, try to use as a symbol */
            #ifndef environ
                environ;
            #endif
            return 0;
        }
Compiler stdout:
 
Compiler stderr:
 
Header <unistd.h> has symbol "environ" : YES 
Running compile:
Working directory:  /workspaces/lab0-0-setup-env-run-os1-stephen863256/qemu-7.0.0/build/meson-private/tmpf0y90xh3
Command line:  cc -m64 -mcx16 /workspaces/lab0-0-setup-env-run-os1-stephen863256/qemu-7.0.0/build/meson-private/tmpf0y90xh3/testfile.c -o /workspaces/lab0-0-setup-env-run-os1-stephen863256/qemu-7.0.0/build/meson-private/tmpf0y90xh3/output.obj -c -D_FILE_OFFSET_BITS=64 -O0 -std=gnu11 

Code:
 
        #include <linux/falloc.h>
        int main(void) {
            /* If it's not defined as a macro, try to use as a symbol */
            #ifndef FALLOC_FL_PUNCH_HOLE
                FALLOC_FL_PUNCH_HOLE;
            #endif
            return 0;
        }
Compiler stdout:
 
Compiler stderr:
 
Header <linux/falloc.h> has symbol "FALLOC_FL_PUNCH_HOLE" : YES 
Running compile:
Working directory:  /workspaces/lab0-0-setup-env-run-os1-stephen863256/qemu-7.0.0/build/meson-private/tmp90ne2jfv
Command line:  cc -m64 -mcx16 /workspaces/lab0-0-setup-env-run-os1-stephen863256/qemu-7.0.0/build/meson-private/tmp90ne2jfv/testfile.c -o /workspaces/lab0-0-setup-env-run-os1-stephen863256/qemu-7.0.0/build/meson-private/tmp90ne2jfv/output.obj -c -D_FILE_OFFSET_BITS=64 -O0 -std=gnu11 

Code:
 
        #include <linux/falloc.h>
        int main(void) {
            /* If it's not defined as a macro, try to use as a symbol */
            #ifndef FALLOC_FL_KEEP_SIZE
                FALLOC_FL_KEEP_SIZE;
            #endif
            return 0;
        }
Compiler stdout:
 
Compiler stderr:
 
Header <linux/falloc.h> has symbol "FALLOC_FL_KEEP_SIZE" : YES 
Running compile:
Working directory:  /workspaces/lab0-0-setup-env-run-os1-stephen863256/qemu-7.0.0/build/meson-private/tmp3rp7bd8x
Command line:  cc -m64 -mcx16 /workspaces/lab0-0-setup-env-run-os1-stephen863256/qemu-7.0.0/build/meson-private/tmp3rp7bd8x/testfile.c -o /workspaces/lab0-0-setup-env-run-os1-stephen863256/qemu-7.0.0/build/meson-private/tmp3rp7bd8x/output.obj -c -D_FILE_OFFSET_BITS=64 -O0 -std=gnu11 

Code:
 
        #include <linux/falloc.h>
        int main(void) {
            /* If it's not defined as a macro, try to use as a symbol */
            #ifndef FALLOC_FL_ZERO_RANGE
                FALLOC_FL_ZERO_RANGE;
            #endif
            return 0;
        }
Compiler stdout:
 
Compiler stderr:
 
Header <linux/falloc.h> has symbol "FALLOC_FL_ZERO_RANGE" : YES 
Running compile:
Working directory:  /workspaces/lab0-0-setup-env-run-os1-stephen863256/qemu-7.0.0/build/meson-private/tmp3_yeucg7
Command line:  cc -m64 -mcx16 /workspaces/lab0-0-setup-env-run-os1-stephen863256/qemu-7.0.0/build/meson-private/tmp3_yeucg7/testfile.c -E -P -D_FILE_OFFSET_BITS=64 -P -O0 -std=gnu11 

Code:
 
        #ifdef __has_include
         #if !__has_include("linux/fiemap.h")
          #error "Header 'linux/fiemap.h' could not be found"
         #endif
        #else
         #include <linux/fiemap.h>
        #endif
Compiler stdout:
 
Compiler stderr:
 
Has header "linux/fiemap.h" : YES 
Running compile:
Working directory:  /workspaces/lab0-0-setup-env-run-os1-stephen863256/qemu-7.0.0/build/meson-private/tmpfhvyrwul
Command line:  cc -m64 -mcx16 /workspaces/lab0-0-setup-env-run-os1-stephen863256/qemu-7.0.0/build/meson-private/tmpfhvyrwul/testfile.c -o /workspaces/lab0-0-setup-env-run-os1-stephen863256/qemu-7.0.0/build/meson-private/tmpfhvyrwul/output.obj -c -D_FILE_OFFSET_BITS=64 -O0 -std=gnu11 

Code:
 
        #include <linux/fs.h>
        int main(void) {
            /* If it's not defined as a macro, try to use as a symbol */
            #ifndef FS_IOC_FIEMAP
                FS_IOC_FIEMAP;
            #endif
            return 0;
        }
Compiler stdout:
 
Compiler stderr:
 
Header <linux/fs.h> has symbol "FS_IOC_FIEMAP" : YES 
Running compile:
Working directory:  /workspaces/lab0-0-setup-env-run-os1-stephen863256/qemu-7.0.0/build/meson-private/tmp1227180n
Command line:  cc -m64 -mcx16 /workspaces/lab0-0-setup-env-run-os1-stephen863256/qemu-7.0.0/build/meson-private/tmp1227180n/testfile.c -o /workspaces/lab0-0-setup-env-run-os1-stephen863256/qemu-7.0.0/build/meson-private/tmp1227180n/output.exe -D_FILE_OFFSET_BITS=64 -O0 -std=gnu11 

Code:
 
        #define getrandom meson_disable_define_of_getrandom
        
        #include <limits.h>
        #undef getrandom
        
        #ifdef __cplusplus
        extern "C"
        #endif
        char getrandom (void);
        
        #if defined __stub_getrandom || defined __stub___getrandom
        fail fail fail this function is not going to work
        #endif
        
        int main(void) {
          return getrandom ();
        }
Compiler stdout:
 
Compiler stderr:
 
Checking for function "getrandom" : YES 
Running compile:
Working directory:  /workspaces/lab0-0-setup-env-run-os1-stephen863256/qemu-7.0.0/build/meson-private/tmpw2mjj0_6
Command line:  cc -m64 -mcx16 /workspaces/lab0-0-setup-env-run-os1-stephen863256/qemu-7.0.0/build/meson-private/tmpw2mjj0_6/testfile.c -o /workspaces/lab0-0-setup-env-run-os1-stephen863256/qemu-7.0.0/build/meson-private/tmpw2mjj0_6/output.obj -c -D_FILE_OFFSET_BITS=64 -O0 -std=gnu11 

Code:
 
        #include <sys/random.h>
        int main(void) {
            /* If it's not defined as a macro, try to use as a symbol */
            #ifndef GRND_NONBLOCK
                GRND_NONBLOCK;
            #endif
            return 0;
        }
Compiler stdout:
 
Compiler stderr:
 
Header <sys/random.h> has symbol "GRND_NONBLOCK" : YES 
Running compile:
Working directory:  /workspaces/lab0-0-setup-env-run-os1-stephen863256/qemu-7.0.0/build/meson-private/tmp7xqcl3hs
Command line:  cc -m64 -mcx16 /workspaces/lab0-0-setup-env-run-os1-stephen863256/qemu-7.0.0/build/meson-private/tmp7xqcl3hs/testfile.c -o /workspaces/lab0-0-setup-env-run-os1-stephen863256/qemu-7.0.0/build/meson-private/tmp7xqcl3hs/output.obj -c -D_FILE_OFFSET_BITS=64 -O0 -std=gnu11 

Code:
 
        #include <sys/inotify.h>
        int main(void) {
            /* If it's not defined as a macro, try to use as a symbol */
            #ifndef inotify_init
                inotify_init;
            #endif
            return 0;
        }
Compiler stdout:
 
Compiler stderr:
 
Header <sys/inotify.h> has symbol "inotify_init" : YES 
Running compile:
Working directory:  /workspaces/lab0-0-setup-env-run-os1-stephen863256/qemu-7.0.0/build/meson-private/tmpnr15mq7l
Command line:  cc -m64 -mcx16 /workspaces/lab0-0-setup-env-run-os1-stephen863256/qemu-7.0.0/build/meson-private/tmpnr15mq7l/testfile.c -o /workspaces/lab0-0-setup-env-run-os1-stephen863256/qemu-7.0.0/build/meson-private/tmpnr15mq7l/output.obj -c -D_FILE_OFFSET_BITS=64 -O0 -std=gnu11 

Code:
 
        #include <sys/inotify.h>
        int main(void) {
            /* If it's not defined as a macro, try to use as a symbol */
            #ifndef inotify_init1
                inotify_init1;
            #endif
            return 0;
        }
Compiler stdout:
 
Compiler stderr:
 
Header <sys/inotify.h> has symbol "inotify_init1" : YES 
Running compile:
Working directory:  /workspaces/lab0-0-setup-env-run-os1-stephen863256/qemu-7.0.0/build/meson-private/tmp55039ekc
Command line:  cc -m64 -mcx16 /workspaces/lab0-0-setup-env-run-os1-stephen863256/qemu-7.0.0/build/meson-private/tmp55039ekc/testfile.c -o /workspaces/lab0-0-setup-env-run-os1-stephen863256/qemu-7.0.0/build/meson-private/tmp55039ekc/output.obj -c -D_FILE_OFFSET_BITS=64 -O0 -std=gnu11 

Code:
 #include <sys/endian.h>
                                                     #include <sys/types.h>
        #include <machine/bswap.h>
        int main(void) {
            /* If it's not defined as a macro, try to use as a symbol */
            #ifndef bswap32
                bswap32;
            #endif
            return 0;
        }
Compiler stdout:
 
Compiler stderr:
 /workspaces/lab0-0-setup-env-run-os1-stephen863256/qemu-7.0.0/build/meson-private/tmp55039ekc/testfile.c:1:10: fatal error: sys/endian.h: No such file or directory
    1 | #include <sys/endian.h>
      |          ^~~~~~~~~~~~~~
compilation terminated.

Header <machine/bswap.h> has symbol "bswap32" : NO 
Running compile:
Working directory:  /workspaces/lab0-0-setup-env-run-os1-stephen863256/qemu-7.0.0/build/meson-private/tmpmdafvzy0
Command line:  cc -m64 -mcx16 /workspaces/lab0-0-setup-env-run-os1-stephen863256/qemu-7.0.0/build/meson-private/tmpmdafvzy0/testfile.c -o /workspaces/lab0-0-setup-env-run-os1-stephen863256/qemu-7.0.0/build/meson-private/tmpmdafvzy0/output.obj -c -D_FILE_OFFSET_BITS=64 -O0 -std=gnu11 

Code:
 
        #include <sys/prctl.h>
        int main(void) {
            /* If it's not defined as a macro, try to use as a symbol */
            #ifndef PR_SET_TIMERSLACK
                PR_SET_TIMERSLACK;
            #endif
            return 0;
        }
Compiler stdout:
 
Compiler stderr:
 
Header <sys/prctl.h> has symbol "PR_SET_TIMERSLACK" : YES 
Running compile:
Working directory:  /workspaces/lab0-0-setup-env-run-os1-stephen863256/qemu-7.0.0/build/meson-private/tmpt0fqz2eb
Command line:  cc -m64 -mcx16 /workspaces/lab0-0-setup-env-run-os1-stephen863256/qemu-7.0.0/build/meson-private/tmpt0fqz2eb/testfile.c -o /workspaces/lab0-0-setup-env-run-os1-stephen863256/qemu-7.0.0/build/meson-private/tmpt0fqz2eb/output.obj -c -D_FILE_OFFSET_BITS=64 -O0 -std=gnu11 

Code:
 
        #include <linux/rtnetlink.h>
        int main(void) {
            /* If it's not defined as a macro, try to use as a symbol */
            #ifndef IFLA_PROTO_DOWN
                IFLA_PROTO_DOWN;
            #endif
            return 0;
        }
Compiler stdout:
 
Compiler stderr:
 
Header <linux/rtnetlink.h> has symbol "IFLA_PROTO_DOWN" : YES 
Running compile:
Working directory:  /workspaces/lab0-0-setup-env-run-os1-stephen863256/qemu-7.0.0/build/meson-private/tmp4j7x3xy8
Command line:  cc -m64 -mcx16 /workspaces/lab0-0-setup-env-run-os1-stephen863256/qemu-7.0.0/build/meson-private/tmp4j7x3xy8/testfile.c -o /workspaces/lab0-0-setup-env-run-os1-stephen863256/qemu-7.0.0/build/meson-private/tmp4j7x3xy8/output.obj -c -D_FILE_OFFSET_BITS=64 -O0 -std=gnu11 

Code:
 
        #include <sys/sysmacros.h>
        int main(void) {
            /* If it's not defined as a macro, try to use as a symbol */
            #ifndef makedev
                makedev;
            #endif
            return 0;
        }
Compiler stdout:
 
Compiler stderr:
 
Header <sys/sysmacros.h> has symbol "makedev" : YES 
Running compile:
Working directory:  /workspaces/lab0-0-setup-env-run-os1-stephen863256/qemu-7.0.0/build/meson-private/tmptae5fvw8
Command line:  cc -m64 -mcx16 /workspaces/lab0-0-setup-env-run-os1-stephen863256/qemu-7.0.0/build/meson-private/tmptae5fvw8/testfile.c -o /workspaces/lab0-0-setup-env-run-os1-stephen863256/qemu-7.0.0/build/meson-private/tmptae5fvw8/output.obj -c -D_FILE_OFFSET_BITS=64 -O0 -std=gnu11 

Code:
 
        #include <getopt.h>
        int main(void) {
            /* If it's not defined as a macro, try to use as a symbol */
            #ifndef optreset
                optreset;
            #endif
            return 0;
        }
Compiler stdout:
 
Compiler stderr:
 /workspaces/lab0-0-setup-env-run-os1-stephen863256/qemu-7.0.0/build/meson-private/tmptae5fvw8/testfile.c: In function 'main':
/workspaces/lab0-0-setup-env-run-os1-stephen863256/qemu-7.0.0/build/meson-private/tmptae5fvw8/testfile.c:6:17: error: 'optreset' undeclared (first use in this function)
    6 |                 optreset;
      |                 ^~~~~~~~
/workspaces/lab0-0-setup-env-run-os1-stephen863256/qemu-7.0.0/build/meson-private/tmptae5fvw8/testfile.c:6:17: note: each undeclared identifier is reported only once for each function it appears in

Header <getopt.h> has symbol "optreset" : NO 
Running compile:
Working directory:  /workspaces/lab0-0-setup-env-run-os1-stephen863256/qemu-7.0.0/build/meson-private/tmp2p21kzy8
Command line:  cc -m64 -mcx16 /workspaces/lab0-0-setup-env-run-os1-stephen863256/qemu-7.0.0/build/meson-private/tmp2p21kzy8/testfile.c -o /workspaces/lab0-0-setup-env-run-os1-stephen863256/qemu-7.0.0/build/meson-private/tmp2p21kzy8/output.obj -c -D_FILE_OFFSET_BITS=64 -O0 -std=gnu11 

Code:
 
        #include <netinet/in.h>
        int main(void) {
            /* If it's not defined as a macro, try to use as a symbol */
            #ifndef IPPROTO_MPTCP
                IPPROTO_MPTCP;
            #endif
            return 0;
        }
Compiler stdout:
 
Compiler stderr:
 /workspaces/lab0-0-setup-env-run-os1-stephen863256/qemu-7.0.0/build/meson-private/tmp2p21kzy8/testfile.c: In function 'main':
/workspaces/lab0-0-setup-env-run-os1-stephen863256/qemu-7.0.0/build/meson-private/tmp2p21kzy8/testfile.c:6:17: error: 'IPPROTO_MPTCP' undeclared (first use in this function); did you mean 'IPPROTO_MTP'?
    6 |                 IPPROTO_MPTCP;
      |                 ^~~~~~~~~~~~~
      |                 IPPROTO_MTP
/workspaces/lab0-0-setup-env-run-os1-stephen863256/qemu-7.0.0/build/meson-private/tmp2p21kzy8/testfile.c:6:17: note: each undeclared identifier is reported only once for each function it appears in

Header <netinet/in.h> has symbol "IPPROTO_MPTCP" : NO 
Running compile:
Working directory:  /workspaces/lab0-0-setup-env-run-os1-stephen863256/qemu-7.0.0/build/meson-private/tmppgecyg70
Command line:  cc -m64 -mcx16 /workspaces/lab0-0-setup-env-run-os1-stephen863256/qemu-7.0.0/build/meson-private/tmppgecyg70/testfile.c -o /workspaces/lab0-0-setup-env-run-os1-stephen863256/qemu-7.0.0/build/meson-private/tmppgecyg70/output.obj -c -D_FILE_OFFSET_BITS=64 -O0 -std=gnu11 

Code:
 #include <signal.h>
        void bar(void) {
            struct sigevent foo;
            foo.sigev_notify_thread_id;

        };
Compiler stdout:
 
Compiler stderr:
 /workspaces/lab0-0-setup-env-run-os1-stephen863256/qemu-7.0.0/build/meson-private/tmppgecyg70/testfile.c: In function 'bar':
/workspaces/lab0-0-setup-env-run-os1-stephen863256/qemu-7.0.0/build/meson-private/tmppgecyg70/testfile.c:4:16: error: 'struct sigevent' has no member named 'sigev_notify_thread_id'
    4 |             foo.sigev_notify_thread_id;
      |                ^

Checking whether type "struct sigevent" has member "sigev_notify_thread_id" : NO 
Running compile:
Working directory:  /workspaces/lab0-0-setup-env-run-os1-stephen863256/qemu-7.0.0/build/meson-private/tmpew_xeuhu
Command line:  cc -m64 -mcx16 /workspaces/lab0-0-setup-env-run-os1-stephen863256/qemu-7.0.0/build/meson-private/tmpew_xeuhu/testfile.c -o /workspaces/lab0-0-setup-env-run-os1-stephen863256/qemu-7.0.0/build/meson-private/tmpew_xeuhu/output.obj -c -D_FILE_OFFSET_BITS=64 -O0 -std=gnu11 

Code:
 #include <sys/stat.h>
        void bar(void) {
            struct stat foo;
            foo.st_atim;

        };
Compiler stdout:
 
Compiler stderr:
 
Checking whether type "struct stat" has member "st_atim" : YES 
Running compile:
Working directory:  /workspaces/lab0-0-setup-env-run-os1-stephen863256/qemu-7.0.0/build/meson-private/tmpmfsf1zjj
Command line:  cc -m64 -mcx16 /workspaces/lab0-0-setup-env-run-os1-stephen863256/qemu-7.0.0/build/meson-private/tmpmfsf1zjj/testfile.c -o /workspaces/lab0-0-setup-env-run-os1-stephen863256/qemu-7.0.0/build/meson-private/tmpmfsf1zjj/output.obj -c -D_FILE_OFFSET_BITS=64 -O0 -std=gnu11 

Code:
 #include <sys/uio.h>
        void bar(void) {
            sizeof(struct iovec);
        };
Compiler stdout:
 
Compiler stderr:
 
Checking for type "struct iovec" : YES 
Running compile:
Working directory:  /workspaces/lab0-0-setup-env-run-os1-stephen863256/qemu-7.0.0/build/meson-private/tmptlgepiph
Command line:  cc -m64 -mcx16 /workspaces/lab0-0-setup-env-run-os1-stephen863256/qemu-7.0.0/build/meson-private/tmptlgepiph/testfile.c -o /workspaces/lab0-0-setup-env-run-os1-stephen863256/qemu-7.0.0/build/meson-private/tmptlgepiph/output.obj -c -D_FILE_OFFSET_BITS=64 -O0 -std=gnu11 

Code:
 #include <utmpx.h>
        void bar(void) {
            sizeof(struct utmpx);
        };
Compiler stdout:
 
Compiler stderr:
 
Checking for type "struct utmpx" : YES 
Running compile:
Working directory:  /workspaces/lab0-0-setup-env-run-os1-stephen863256/qemu-7.0.0/build/meson-private/tmpyf3pg120
Command line:  cc -m64 -mcx16 /workspaces/lab0-0-setup-env-run-os1-stephen863256/qemu-7.0.0/build/meson-private/tmpyf3pg120/testfile.c -o /workspaces/lab0-0-setup-env-run-os1-stephen863256/qemu-7.0.0/build/meson-private/tmpyf3pg120/output.exe -D_FILE_OFFSET_BITS=64 -O0 -std=gnu11 

Code:
 
  #include <sys/eventfd.h>
  int main(void) { return eventfd(0, EFD_NONBLOCK | EFD_CLOEXEC); }
Compiler stdout:
 
Compiler stderr:
 
Running compile:
Working directory:  /workspaces/lab0-0-setup-env-run-os1-stephen863256/qemu-7.0.0/build/meson-private/tmp52fqpruv
Command line:  cc -m64 -mcx16 /workspaces/lab0-0-setup-env-run-os1-stephen863256/qemu-7.0.0/build/meson-private/tmp52fqpruv/testfile.c -o /workspaces/lab0-0-setup-env-run-os1-stephen863256/qemu-7.0.0/build/meson-private/tmp52fqpruv/output.exe -D_FILE_OFFSET_BITS=64 -O0 -std=gnu11 

Code:
 
  #ifndef _GNU_SOURCE
  #define _GNU_SOURCE
  #endif

  #include <unistd.h>
  int main(void) {
  #if defined(_POSIX_SYNCHRONIZED_IO) && _POSIX_SYNCHRONIZED_IO > 0
  return fdatasync(0);
  #else
  #error Not supported
  #endif
  }
Compiler stdout:
 
Compiler stderr:
 
Running compile:
Working directory:  /workspaces/lab0-0-setup-env-run-os1-stephen863256/qemu-7.0.0/build/meson-private/tmpn7gkpyoy
Command line:  cc -m64 -mcx16 /workspaces/lab0-0-setup-env-run-os1-stephen863256/qemu-7.0.0/build/meson-private/tmpn7gkpyoy/testfile.c -o /workspaces/lab0-0-setup-env-run-os1-stephen863256/qemu-7.0.0/build/meson-private/tmpn7gkpyoy/output.exe -D_FILE_OFFSET_BITS=64 -O0 -std=gnu11 

Code:
 
  #ifndef _GNU_SOURCE
  #define _GNU_SOURCE
  #endif

  #include <sys/types.h>
  #include <sys/mman.h>
  #include <stddef.h>
  int main(void) { return madvise(NULL, 0, MADV_DONTNEED); }
Compiler stdout:
 
Compiler stderr:
 
Running compile:
Working directory:  /workspaces/lab0-0-setup-env-run-os1-stephen863256/qemu-7.0.0/build/meson-private/tmp402kgtg5
Command line:  cc -m64 -mcx16 /workspaces/lab0-0-setup-env-run-os1-stephen863256/qemu-7.0.0/build/meson-private/tmp402kgtg5/testfile.c -o /workspaces/lab0-0-setup-env-run-os1-stephen863256/qemu-7.0.0/build/meson-private/tmp402kgtg5/output.exe -D_FILE_OFFSET_BITS=64 -O0 -std=gnu11 

Code:
 
  #ifndef _GNU_SOURCE
  #define _GNU_SOURCE
  #endif

    #include <sys/types.h>
    #include <sys/mman.h>
    #include <stddef.h>
    extern int madvise(int);
    int main(void) { return madvise(0); }
Compiler stdout:
 
Compiler stderr:
 /workspaces/lab0-0-setup-env-run-os1-stephen863256/qemu-7.0.0/build/meson-private/tmp402kgtg5/testfile.c:9:16: error: conflicting types for 'madvise'
    9 |     extern int madvise(int);
      |                ^~~~~~~
In file included from /workspaces/lab0-0-setup-env-run-os1-stephen863256/qemu-7.0.0/build/meson-private/tmp402kgtg5/testfile.c:7:
/usr/include/x86_64-linux-gnu/sys/mman.h:94:12: note: previous declaration of 'madvise' was here
   94 | extern int madvise (void *__addr, size_t __len, int __advice) __THROW;
      |            ^~~~~~~

Running compile:
Working directory:  /workspaces/lab0-0-setup-env-run-os1-stephen863256/qemu-7.0.0/build/meson-private/tmp3jm7zvwq
Command line:  cc -m64 -mcx16 /workspaces/lab0-0-setup-env-run-os1-stephen863256/qemu-7.0.0/build/meson-private/tmp3jm7zvwq/testfile.c -o /workspaces/lab0-0-setup-env-run-os1-stephen863256/qemu-7.0.0/build/meson-private/tmp3jm7zvwq/output.exe -D_FILE_OFFSET_BITS=64 -O0 -std=gnu11 

Code:
 
  #ifndef _GNU_SOURCE
  #define _GNU_SOURCE
  #endif

  #include <sys/mman.h>
  int main(void) { return memfd_create("foo", MFD_ALLOW_SEALING); }
Compiler stdout:
 
Compiler stderr:
 
Running compile:
Working directory:  /workspaces/lab0-0-setup-env-run-os1-stephen863256/qemu-7.0.0/build/meson-private/tmpd89tf6wy
Command line:  cc -m64 -mcx16 /workspaces/lab0-0-setup-env-run-os1-stephen863256/qemu-7.0.0/build/meson-private/tmpd89tf6wy/testfile.c -o /workspaces/lab0-0-setup-env-run-os1-stephen863256/qemu-7.0.0/build/meson-private/tmpd89tf6wy/output.exe -D_FILE_OFFSET_BITS=64 -O0 -std=gnu11 

Code:
 
  #ifndef _GNU_SOURCE
  #define _GNU_SOURCE
  #endif

  #include <fcntl.h>
  #if !defined(AT_EMPTY_PATH)
  # error missing definition
  #else
  int main(void) { struct file_handle fh; return open_by_handle_at(0, &fh, 0); }
  #endif
Compiler stdout:
 
Compiler stderr:
 
Running compile:
Working directory:  /workspaces/lab0-0-setup-env-run-os1-stephen863256/qemu-7.0.0/build/meson-private/tmp2qk8wwe9
Command line:  cc -m64 -mcx16 /workspaces/lab0-0-setup-env-run-os1-stephen863256/qemu-7.0.0/build/meson-private/tmp2qk8wwe9/testfile.c -o /workspaces/lab0-0-setup-env-run-os1-stephen863256/qemu-7.0.0/build/meson-private/tmp2qk8wwe9/output.exe -D_FILE_OFFSET_BITS=64 -O0 -std=gnu11 

Code:
 
  #ifndef _GNU_SOURCE
  #define _GNU_SOURCE
  #endif

  #include <unistd.h>
  #include <fcntl.h>

  int main(void)
  {
      int pipefd[2];
      return pipe2(pipefd, O_CLOEXEC);
  }
Compiler stdout:
 
Compiler stderr:
 
Running compile:
Working directory:  /workspaces/lab0-0-setup-env-run-os1-stephen863256/qemu-7.0.0/build/meson-private/tmp71zy7nqf
Command line:  cc -m64 -mcx16 /workspaces/lab0-0-setup-env-run-os1-stephen863256/qemu-7.0.0/build/meson-private/tmp71zy7nqf/testfile.c -o /workspaces/lab0-0-setup-env-run-os1-stephen863256/qemu-7.0.0/build/meson-private/tmp71zy7nqf/output.exe -D_FILE_OFFSET_BITS=64 -O0 -std=gnu11 

Code:
 
  #ifndef _GNU_SOURCE
  #define _GNU_SOURCE
  #endif

  #include <sys/mman.h>
  #include <stddef.h>
  int main(void) { return posix_madvise(NULL, 0, POSIX_MADV_DONTNEED); }
Compiler stdout:
 
Compiler stderr:
 
Running compile:
Working directory:  /workspaces/lab0-0-setup-env-run-os1-stephen863256/qemu-7.0.0/build/meson-private/tmpxbrrcw91
Command line:  cc -m64 -mcx16 /workspaces/lab0-0-setup-env-run-os1-stephen863256/qemu-7.0.0/build/meson-private/tmpxbrrcw91/testfile.c -o /workspaces/lab0-0-setup-env-run-os1-stephen863256/qemu-7.0.0/build/meson-private/tmpxbrrcw91/output.exe -pthread -D_FILE_OFFSET_BITS=64 -O0 -std=gnu11 

Code:
 
  #ifndef _GNU_SOURCE
  #define _GNU_SOURCE
  #endif

  #include <pthread.h>

  static void *f(void *p) { return NULL; }
  int main(void)
  {
    pthread_t thread;
    pthread_create(&thread, 0, f, 0);
    pthread_setname_np(thread, "QEMU");
    return 0;
  }
Compiler stdout:
 
Compiler stderr:
 
Running compile:
Working directory:  /workspaces/lab0-0-setup-env-run-os1-stephen863256/qemu-7.0.0/build/meson-private/tmponbfya4i
Command line:  cc -m64 -mcx16 /workspaces/lab0-0-setup-env-run-os1-stephen863256/qemu-7.0.0/build/meson-private/tmponbfya4i/testfile.c -o /workspaces/lab0-0-setup-env-run-os1-stephen863256/qemu-7.0.0/build/meson-private/tmponbfya4i/output.exe -pthread -D_FILE_OFFSET_BITS=64 -O0 -std=gnu11 

Code:
 
  #ifndef _GNU_SOURCE
  #define _GNU_SOURCE
  #endif

  #include <pthread.h>

  static void *f(void *p) { pthread_setname_np("QEMU"); return NULL; }
  int main(void)
  {
    pthread_t thread;
    pthread_create(&thread, 0, f, 0);
    return 0;
  }
Compiler stdout:
 
Compiler stderr:
 /workspaces/lab0-0-setup-env-run-os1-stephen863256/qemu-7.0.0/build/meson-private/tmponbfya4i/testfile.c: In function 'f':
/workspaces/lab0-0-setup-env-run-os1-stephen863256/qemu-7.0.0/build/meson-private/tmponbfya4i/testfile.c:8:48: warning: passing argument 1 of 'pthread_setname_np' makes integer from pointer without a cast [-Wint-conversion]
    8 |   static void *f(void *p) { pthread_setname_np("QEMU"); return NULL; }
      |                                                ^~~~~~
      |                                                |
      |                                                char *
In file included from /workspaces/lab0-0-setup-env-run-os1-stephen863256/qemu-7.0.0/build/meson-private/tmponbfya4i/testfile.c:6:
/usr/include/pthread.h:427:42: note: expected 'pthread_t' {aka 'long unsigned int'} but argument is of type 'char *'
  427 | extern int pthread_setname_np (pthread_t __target_thread, const char *__name)
      |                                ~~~~~~~~~~^~~~~~~~~~~~~~~
/workspaces/lab0-0-setup-env-run-os1-stephen863256/qemu-7.0.0/build/meson-private/tmponbfya4i/testfile.c:8:29: error: too few arguments to function 'pthread_setname_np'
    8 |   static void *f(void *p) { pthread_setname_np("QEMU"); return NULL; }
      |                             ^~~~~~~~~~~~~~~~~~
In file included from /workspaces/lab0-0-setup-env-run-os1-stephen863256/qemu-7.0.0/build/meson-private/tmponbfya4i/testfile.c:6:
/usr/include/pthread.h:427:12: note: declared here
  427 | extern int pthread_setname_np (pthread_t __target_thread, const char *__name)
      |            ^~~~~~~~~~~~~~~~~~

Running compile:
Working directory:  /workspaces/lab0-0-setup-env-run-os1-stephen863256/qemu-7.0.0/build/meson-private/tmpzlk1qdlx
Command line:  cc -m64 -mcx16 /workspaces/lab0-0-setup-env-run-os1-stephen863256/qemu-7.0.0/build/meson-private/tmpzlk1qdlx/testfile.c -o /workspaces/lab0-0-setup-env-run-os1-stephen863256/qemu-7.0.0/build/meson-private/tmpzlk1qdlx/output.exe -D_FILE_OFFSET_BITS=64 -O0 -std=gnu11 

Code:
 
  #ifndef _GNU_SOURCE
  #define _GNU_SOURCE
  #endif

  #include <sys/signalfd.h>
  #include <stddef.h>
  int main(void) { return signalfd(-1, NULL, SFD_CLOEXEC); }
Compiler stdout:
 
Compiler stderr:
 /workspaces/lab0-0-setup-env-run-os1-stephen863256/qemu-7.0.0/build/meson-private/tmpzlk1qdlx/testfile.c: In function 'main':
/workspaces/lab0-0-setup-env-run-os1-stephen863256/qemu-7.0.0/build/meson-private/tmpzlk1qdlx/testfile.c:8:27: warning: null argument where non-null required (argument 2) [-Wnonnull]
    8 |   int main(void) { return signalfd(-1, NULL, SFD_CLOEXEC); }
      |                           ^~~~~~~~

Running compile:
Working directory:  /workspaces/lab0-0-setup-env-run-os1-stephen863256/qemu-7.0.0/build/meson-private/tmpmnl_m8qd
Command line:  cc -m64 -mcx16 /workspaces/lab0-0-setup-env-run-os1-stephen863256/qemu-7.0.0/build/meson-private/tmpmnl_m8qd/testfile.c -o /workspaces/lab0-0-setup-env-run-os1-stephen863256/qemu-7.0.0/build/meson-private/tmpmnl_m8qd/output.exe -D_FILE_OFFSET_BITS=64 -O0 -std=gnu11 

Code:
 
  #ifndef _GNU_SOURCE
  #define _GNU_SOURCE
  #endif

  #include <unistd.h>
  #include <fcntl.h>
  #include <limits.h>

  int main(void)
  {
    int len, fd = 0;
    len = tee(STDIN_FILENO, STDOUT_FILENO, INT_MAX, SPLICE_F_NONBLOCK);
    splice(STDIN_FILENO, NULL, fd, NULL, len, SPLICE_F_MOVE);
    return 0;
  }
Compiler stdout:
 
Compiler stderr:
 
Running compile:
Working directory:  /workspaces/lab0-0-setup-env-run-os1-stephen863256/qemu-7.0.0/build/meson-private/tmppx1vfph5
Command line:  cc -m64 -mcx16 /workspaces/lab0-0-setup-env-run-os1-stephen863256/qemu-7.0.0/build/meson-private/tmppx1vfph5/testfile.c -o /workspaces/lab0-0-setup-env-run-os1-stephen863256/qemu-7.0.0/build/meson-private/tmppx1vfph5/output.exe -D_FILE_OFFSET_BITS=64 -O0 -std=gnu11 

Code:
 
  #ifndef _GNU_SOURCE
  #define _GNU_SOURCE
  #endif

  #include <sys/mman.h>
  int main(int argc, char *argv[]) {
    return mlockall(MCL_FUTURE);
  }
Compiler stdout:
 
Compiler stderr:
 
Running compile:
Working directory:  /workspaces/lab0-0-setup-env-run-os1-stephen863256/qemu-7.0.0/build/meson-private/tmp5vmhq9db
Command line:  cc -m64 -mcx16 /workspaces/lab0-0-setup-env-run-os1-stephen863256/qemu-7.0.0/build/meson-private/tmp5vmhq9db/testfile.c -o /workspaces/lab0-0-setup-env-run-os1-stephen863256/qemu-7.0.0/build/meson-private/tmp5vmhq9db/output.obj -c -D_FILE_OFFSET_BITS=64 -O0 -std=gnu11 

Code:
 
  #ifndef _GNU_SOURCE
  #define _GNU_SOURCE
  #endif

      #include <sys/socket.h>
      #include <linux/ip.h>
        void bar(void) {
            sizeof(struct mmsghdr);
        };
Compiler stdout:
 
Compiler stderr:
 
Checking for type "struct mmsghdr" : YES 
Running compile:
Working directory:  /workspaces/lab0-0-setup-env-run-os1-stephen863256/qemu-7.0.0/build/meson-private/tmp5brnoc4r
Command line:  cc -m64 -mcx16 /workspaces/lab0-0-setup-env-run-os1-stephen863256/qemu-7.0.0/build/meson-private/tmp5brnoc4r/testfile.c -o /workspaces/lab0-0-setup-env-run-os1-stephen863256/qemu-7.0.0/build/meson-private/tmp5brnoc4r/output.obj -c -D_FILE_OFFSET_BITS=64 -O0 -std=gnu11 

Code:
 
    #include <inttypes.h>
    #include <net/if.h>
    #include <net/netmap.h>
    #include <net/netmap_user.h>
    #if (NETMAP_API < 11) || (NETMAP_API > 15)
    #error
    #endif
    int main(void) { return 0; }
Compiler stdout:
 
Compiler stderr:
 /workspaces/lab0-0-setup-env-run-os1-stephen863256/qemu-7.0.0/build/meson-private/tmp5brnoc4r/testfile.c:4:14: fatal error: net/netmap.h: No such file or directory
    4 |     #include <net/netmap.h>
      |              ^~~~~~~~~~~~~~
compilation terminated.

Running compile:
Working directory:  /workspaces/lab0-0-setup-env-run-os1-stephen863256/qemu-7.0.0/build/meson-private/tmp8xzmchlz
Command line:  cc -m64 -mcx16 /workspaces/lab0-0-setup-env-run-os1-stephen863256/qemu-7.0.0/build/meson-private/tmp8xzmchlz/testfile.c -o /workspaces/lab0-0-setup-env-run-os1-stephen863256/qemu-7.0.0/build/meson-private/tmp8xzmchlz/output.exe -D_FILE_OFFSET_BITS=64 -O0 -std=gnu11 

Code:
 
  #include <linux/fs.h>
  struct fsxattr foo;
  int main(void) {
    return 0;
  }
Compiler stdout:
 
Compiler stderr:
 
Running compile:
Working directory:  /workspaces/lab0-0-setup-env-run-os1-stephen863256/qemu-7.0.0/build/meson-private/tmpgkgm_w8x
Command line:  cc -m64 -mcx16 /workspaces/lab0-0-setup-env-run-os1-stephen863256/qemu-7.0.0/build/meson-private/tmpgkgm_w8x/testfile.c -o /workspaces/lab0-0-setup-env-run-os1-stephen863256/qemu-7.0.0/build/meson-private/tmpgkgm_w8x/output.obj -c -D_FILE_OFFSET_BITS=64 -O0 -std=gnu11 -Werror 

Code:
 
    #include <stdint.h>
    #include <stdio.h>
    int main(int argc, char *argv[]) {
        return printf("%zu", SIZE_MAX);
    }
Compiler stdout:
 
Compiler stderr:
 
Running compile:
Working directory:  /workspaces/lab0-0-setup-env-run-os1-stephen863256/qemu-7.0.0/build/meson-private/tmpfvdoy9cv
Command line:  cc -m64 -mcx16 /workspaces/lab0-0-setup-env-run-os1-stephen863256/qemu-7.0.0/build/meson-private/tmpfvdoy9cv/testfile.c -o /workspaces/lab0-0-setup-env-run-os1-stephen863256/qemu-7.0.0/build/meson-private/tmpfvdoy9cv/output.exe -D_FILE_OFFSET_BITS=64 -O0 -std=gnu11 

Code:
 
  #include <stdint.h>
  int main(void)
  {
    uint64_t x = 0, y = 0;
    y = __atomic_load_n(&x, __ATOMIC_RELAXED);
    __atomic_store_n(&x, y, __ATOMIC_RELAXED);
    __atomic_compare_exchange_n(&x, &y, x, 0, __ATOMIC_RELAXED, __ATOMIC_RELAXED);
    __atomic_exchange_n(&x, y, __ATOMIC_RELAXED);
    __atomic_fetch_add(&x, y, __ATOMIC_RELAXED);
    return 0;
  }
Compiler stdout:
 
Compiler stderr:
 
Running compile:
Working directory:  /workspaces/lab0-0-setup-env-run-os1-stephen863256/qemu-7.0.0/build/meson-private/tmpkex5efz2
Command line:  cc -m64 -mcx16 /workspaces/lab0-0-setup-env-run-os1-stephen863256/qemu-7.0.0/build/meson-private/tmpkex5efz2/testfile.c -o /workspaces/lab0-0-setup-env-run-os1-stephen863256/qemu-7.0.0/build/meson-private/tmpkex5efz2/output.exe -D_FILE_OFFSET_BITS=64 -O0 -std=gnu11 

Code:
 
  __int128_t a;
  __uint128_t b;
  int main (void) {
    a = a + b;
    b = a * b;
    a = a * a;
    return 0;
  }
Compiler stdout:
 
Compiler stderr:
 
Running compile:
Working directory:  /workspaces/lab0-0-setup-env-run-os1-stephen863256/qemu-7.0.0/build/meson-private/tmpfp87x7am
Command line:  cc -m64 -mcx16 /workspaces/lab0-0-setup-env-run-os1-stephen863256/qemu-7.0.0/build/meson-private/tmpfp87x7am/testfile.c -o /workspaces/lab0-0-setup-env-run-os1-stephen863256/qemu-7.0.0/build/meson-private/tmpfp87x7am/output.exe -D_FILE_OFFSET_BITS=64 -O0 -std=gnu11 

Code:
 
  #include <stdint.h>
  int main(void)
  {
    unsigned __int128 x = 0, y = 0;
    y = __atomic_load_n(&x, __ATOMIC_RELAXED);
    __atomic_store_n(&x, y, __ATOMIC_RELAXED);
    __atomic_compare_exchange_n(&x, &y, x, 0, __ATOMIC_RELAXED, __ATOMIC_RELAXED);
    __atomic_exchange_n(&x, y, __ATOMIC_RELAXED);
    __atomic_fetch_add(&x, y, __ATOMIC_RELAXED);
    return 0;
  }
Compiler stdout:
 
Compiler stderr:
 /usr/bin/ld: /tmp/ccmNlDF5.o: in function `main':
testfile.c:(.text+0x49): undefined reference to `__atomic_load_16'
/usr/bin/ld: testfile.c:(.text+0x73): undefined reference to `__atomic_store_16'
/usr/bin/ld: testfile.c:(.text+0x9a): undefined reference to `__atomic_compare_exchange_16'
/usr/bin/ld: testfile.c:(.text+0xbc): undefined reference to `__atomic_exchange_16'
/usr/bin/ld: testfile.c:(.text+0xde): undefined reference to `__atomic_fetch_add_16'
collect2: error: ld returned 1 exit status

Running compile:
Working directory:  /workspaces/lab0-0-setup-env-run-os1-stephen863256/qemu-7.0.0/build/meson-private/tmp0m9d6k4q
Command line:  cc -m64 -mcx16 /workspaces/lab0-0-setup-env-run-os1-stephen863256/qemu-7.0.0/build/meson-private/tmp0m9d6k4q/testfile.c -o /workspaces/lab0-0-setup-env-run-os1-stephen863256/qemu-7.0.0/build/meson-private/tmp0m9d6k4q/output.exe -D_FILE_OFFSET_BITS=64 -O0 -std=gnu11 

Code:
 
      int main(void)
      {
        unsigned __int128 x = 0, y = 0;
        __sync_val_compare_and_swap_16(&x, y, x);
        return 0;
      }
    
Compiler stdout:
 
Compiler stderr:
 
Running compile:
Working directory:  /workspaces/lab0-0-setup-env-run-os1-stephen863256/qemu-7.0.0/build/meson-private/tmpywj6_vxs
Command line:  cc -m64 -mcx16 /workspaces/lab0-0-setup-env-run-os1-stephen863256/qemu-7.0.0/build/meson-private/tmpywj6_vxs/testfile.c -o /workspaces/lab0-0-setup-env-run-os1-stephen863256/qemu-7.0.0/build/meson-private/tmpywj6_vxs/output.exe -D_FILE_OFFSET_BITS=64 -O0 -std=gnu11 

Code:
 
  #ifndef _GNU_SOURCE
  #define _GNU_SOURCE
  #endif

  #include <sys/auxv.h>
  int main(void) {
    return getauxval(AT_HWCAP) == 0;
  }
Compiler stdout:
 
Compiler stderr:
 
Running compile:
Working directory:  /workspaces/lab0-0-setup-env-run-os1-stephen863256/qemu-7.0.0/build/meson-private/tmpnn0d54g7
Command line:  cc -m64 -mcx16 /workspaces/lab0-0-setup-env-run-os1-stephen863256/qemu-7.0.0/build/meson-private/tmpnn0d54g7/testfile.c -o /workspaces/lab0-0-setup-env-run-os1-stephen863256/qemu-7.0.0/build/meson-private/tmpnn0d54g7/output.exe -D_FILE_OFFSET_BITS=64 -O0 -std=gnu11 

Code:
 
  #include <cpuid.h>
  int main(void) {
    unsigned a, b, c, d;
    unsigned max = __get_cpuid_max(0, 0);

    if (max >= 1) {
        __cpuid(1, a, b, c, d);
    }

    if (max >= 7) {
        __cpuid_count(7, 0, a, b, c, d);
    }

    return 0;
  }
Compiler stdout:
 
Compiler stderr:
 
Running compile:
Working directory:  /workspaces/lab0-0-setup-env-run-os1-stephen863256/qemu-7.0.0/build/meson-private/tmp_g90rgk1
Command line:  cc -m64 -mcx16 /workspaces/lab0-0-setup-env-run-os1-stephen863256/qemu-7.0.0/build/meson-private/tmp_g90rgk1/testfile.c -o /workspaces/lab0-0-setup-env-run-os1-stephen863256/qemu-7.0.0/build/meson-private/tmp_g90rgk1/output.exe -D_FILE_OFFSET_BITS=64 -O0 -std=gnu11 

Code:
 
    #pragma GCC push_options
    #pragma GCC target("avx2")
    #include <cpuid.h>
    #include <immintrin.h>
    static int bar(void *a) {
      __m256i x = *(__m256i *)a;
      return _mm256_testz_si256(x, x);
    }
    int main(int argc, char *argv[]) { return bar(argv[0]); }
  
Compiler stdout:
 
Compiler stderr:
 
Running compile:
Working directory:  /workspaces/lab0-0-setup-env-run-os1-stephen863256/qemu-7.0.0/build/meson-private/tmpj41yigga
Command line:  cc -m64 -mcx16 /workspaces/lab0-0-setup-env-run-os1-stephen863256/qemu-7.0.0/build/meson-private/tmpj41yigga/testfile.c -o /workspaces/lab0-0-setup-env-run-os1-stephen863256/qemu-7.0.0/build/meson-private/tmpj41yigga/output.exe -D_FILE_OFFSET_BITS=64 -O0 -std=gnu11 

Code:
 
    #pragma GCC push_options
    #pragma GCC target("avx512f")
    #include <cpuid.h>
    #include <immintrin.h>
    static int bar(void *a) {
      __m512i x = *(__m512i *)a;
      return _mm512_test_epi64_mask(x, x);
    }
    int main(int argc, char *argv[]) { return bar(argv[0]); }
  
Compiler stdout:
 
Compiler stderr:
 
Running compile:
Working directory:  /workspaces/lab0-0-setup-env-run-os1-stephen863256/qemu-7.0.0/build/meson-private/tmpsorij1wr
Command line:  cc -m64 -mcx16 /workspaces/lab0-0-setup-env-run-os1-stephen863256/qemu-7.0.0/build/meson-private/tmpsorij1wr/testfile.c -o /workspaces/lab0-0-setup-env-run-os1-stephen863256/qemu-7.0.0/build/meson-private/tmpsorij1wr/output.obj -c -D_FILE_OFFSET_BITS=64 -O0 -std=gnu11 

Code:
 
  #ifndef _GNU_SOURCE
  #define _GNU_SOURCE
  #endif

    #include <errno.h>
    #include <sys/types.h>
    #include <sys/socket.h>
    #include <linux/if_alg.h>
    int main(void) {
      int sock;
      sock = socket(AF_ALG, SOCK_SEQPACKET, 0);
      return sock;
    }
  
Compiler stdout:
 
Compiler stderr:
 
Running compile:
Working directory:  /workspaces/lab0-0-setup-env-run-os1-stephen863256/qemu-7.0.0/build/meson-private/tmphtav2c8s
Command line:  cc -m64 -mcx16 /workspaces/lab0-0-setup-env-run-os1-stephen863256/qemu-7.0.0/build/meson-private/tmphtav2c8s/testfile.c -o /workspaces/lab0-0-setup-env-run-os1-stephen863256/qemu-7.0.0/build/meson-private/tmphtav2c8s/output.obj -c -D_FILE_OFFSET_BITS=64 -O0 -std=gnu11 

Code:
 
  #ifndef _GNU_SOURCE
  #define _GNU_SOURCE
  #endif

  #include <errno.h>
  #include <sys/types.h>
  #include <sys/socket.h>
  #if !defined(AF_VSOCK)
  # error missing AF_VSOCK flag
  #endif
  #include <linux/vm_sockets.h>
  int main(void) {
    int sock, ret;
    struct sockaddr_vm svm;
    socklen_t len = sizeof(svm);
    sock = socket(AF_VSOCK, SOCK_STREAM, 0);
    ret = getpeername(sock, (struct sockaddr *)&svm, &len);
    if ((ret == -1) && (errno == ENOTCONN)) {
        return 0;
    }
    return -1;
  }
Compiler stdout:
 
Compiler stderr:
 
Program scripts/minikconf.py found: YES (/home/codespace/.python/current/bin/python3 /workspaces/lab0-0-setup-env-run-os1-stephen863256/qemu-7.0.0/scripts/minikconf.py)
Configuring riscv64-softmmu-config-target.h using configuration
Configuring riscv64-softmmu-config-devices.mak with command
Running command: /home/codespace/.python/current/bin/python3 /workspaces/lab0-0-setup-env-run-os1-stephen863256/qemu-7.0.0/scripts/minikconf.py --defconfig riscv64-softmmu-config-devices.mak /workspaces/lab0-0-setup-env-run-os1-stephen863256/qemu-7.0.0/build/meson-private/riscv64-softmmu-config-devices.mak.d /workspaces/lab0-0-setup-env-run-os1-stephen863256/qemu-7.0.0/configs/devices/riscv64-softmmu/default.mak /workspaces/lab0-0-setup-env-run-os1-stephen863256/qemu-7.0.0/Kconfig CONFIG_TPM=y CONFIG_IVSHMEM=y CONFIG_VHOST_USER=y CONFIG_VHOST_VDPA=y CONFIG_VHOST_KERNEL=y CONFIG_LINUX=y CONFIG_MULTIPROCESS_ALLOWED=y CONFIG_TCG=y CONFIG_RISCV64=y
--- stdout ---
CONFIG_AC97=y
CONFIG_AHCI=y
CONFIG_AHCI_ICH9=y
CONFIG_ARM_COMPATIBLE_SEMIHOSTING=y
CONFIG_ATI_VGA=y
CONFIG_BITBANG_I2C=y
CONFIG_BOCHS_DISPLAY=y
CONFIG_CADENCE=y
CONFIG_CADENCE_SDHCI=y
CONFIG_CAN_BUS=y
CONFIG_CAN_CTUCANFD=y
CONFIG_CAN_CTUCANFD_PCI=y
CONFIG_CAN_PCI=y
CONFIG_CAN_SJA1000=y
CONFIG_DDC=y
CONFIG_E1000E_PCI_EXPRESS=y
CONFIG_E1000_PCI=y
CONFIG_EDID=y
CONFIG_EDU=y
CONFIG_EEPRO100_PCI=y
CONFIG_ES1370=y
CONFIG_ESP=y
CONFIG_ESP_PCI=y
CONFIG_FW_CFG_DMA=y
CONFIG_GENERIC_LOADER=y
CONFIG_GOLDFISH_RTC=y
CONFIG_GUEST_LOADER=y
CONFIG_HDA=y
CONFIG_HTIF=y
CONFIG_I2C=y
CONFIG_I82801B11=y
CONFIG_IDE_CORE=y
CONFIG_IDE_QDEV=y
CONFIG_IMX_USBPHY=y
CONFIG_IOH3420=y
CONFIG_IPACK=y
CONFIG_IVSHMEM_DEVICE=y
CONFIG_LSI_SCSI_PCI=y
CONFIG_MCHP_PFSOC_DMC=y
CONFIG_MCHP_PFSOC_IOSCB=y
CONFIG_MCHP_PFSOC_MMUART=y
CONFIG_MCHP_PFSOC_SYSREG=y
CONFIG_MEGASAS_SCSI_PCI=y
CONFIG_MICROCHIP_PFSOC=y
CONFIG_MPTSAS_SCSI_PCI=y
CONFIG_MSI_NONBROKEN=y
CONFIG_NE2000_COMMON=y
CONFIG_NE2000_PCI=y
CONFIG_NMC93XX_EEPROM=y
CONFIG_NVME_PCI=y
CONFIG_PCI=y
CONFIG_PCIE_PORT=y
CONFIG_PCI_DEVICES=y
CONFIG_PCI_EXPRESS=y
CONFIG_PCI_EXPRESS_GENERIC_BRIDGE=y
CONFIG_PCI_TESTDEV=y
CONFIG_PCNET_COMMON=y
CONFIG_PCNET_PCI=y
CONFIG_PFLASH_CFI01=y
CONFIG_PVPANIC_COMMON=y
CONFIG_PVPANIC_PCI=y
CONFIG_RISCV_ACLINT=y
CONFIG_RISCV_APLIC=y
CONFIG_RISCV_IMSIC=y
CONFIG_RISCV_NUMA=y
CONFIG_RISCV_VIRT=y
CONFIG_ROCKER=y
CONFIG_RTL8139_PCI=y
CONFIG_SCSI=y
CONFIG_SD=y
CONFIG_SDHCI=y
CONFIG_SDHCI_PCI=y
CONFIG_SEMIHOSTING=y
CONFIG_SERIAL=y
CONFIG_SERIAL_PCI=y
CONFIG_SERIAL_PCI_MULTI=y
CONFIG_SHAKTI_C=y
CONFIG_SHAKTI_UART=y
CONFIG_SIFIVE_E=y
CONFIG_SIFIVE_E_PRCI=y
CONFIG_SIFIVE_GPIO=y
CONFIG_SIFIVE_PDMA=y
CONFIG_SIFIVE_PLIC=y
CONFIG_SIFIVE_PWM=y
CONFIG_SIFIVE_SPI=y
CONFIG_SIFIVE_TEST=y
CONFIG_SIFIVE_U=y
CONFIG_SIFIVE_UART=y
CONFIG_SIFIVE_U_OTP=y
CONFIG_SIFIVE_U_PRCI=y
CONFIG_SPIKE=y
CONFIG_SSI=y
CONFIG_SSI_M25P80=y
CONFIG_SSI_SD=y
CONFIG_TEST_DEVICES=y
CONFIG_TULIP=y
CONFIG_UNIMP=y
CONFIG_USB=y
CONFIG_USB_AUDIO=y
CONFIG_USB_EHCI=y
CONFIG_USB_EHCI_PCI=y
CONFIG_USB_NETWORK=y
CONFIG_USB_OHCI=y
CONFIG_USB_OHCI_PCI=y
CONFIG_USB_SERIAL=y
CONFIG_USB_SMARTCARD=y
CONFIG_USB_STORAGE_BOT=y
CONFIG_USB_STORAGE_CLASSIC=y
CONFIG_USB_STORAGE_CORE=y
CONFIG_USB_STORAGE_MTP=y
CONFIG_USB_STORAGE_UAS=y
CONFIG_USB_TABLET_WACOM=y
CONFIG_USB_U2F=y
CONFIG_USB_UHCI=y
CONFIG_USB_XHCI=y
CONFIG_USB_XHCI_NEC=y
CONFIG_USB_XHCI_PCI=y
CONFIG_VFIO=y
CONFIG_VFIO_PCI=y
CONFIG_VGA=y
CONFIG_VGA_CIRRUS=y
CONFIG_VGA_PCI=y
CONFIG_VHOST=y
CONFIG_VHOST_USER_BLK=y
CONFIG_VHOST_USER_GPU=y
CONFIG_VHOST_USER_I2C=y
CONFIG_VHOST_USER_INPUT=y
CONFIG_VHOST_USER_RNG=y
CONFIG_VHOST_USER_SCSI=y
CONFIG_VHOST_USER_VGA=y
CONFIG_VIRTIO=y
CONFIG_VIRTIO_BALLOON=y
CONFIG_VIRTIO_BLK=y
CONFIG_VIRTIO_CRYPTO=y
CONFIG_VIRTIO_GPU=y
CONFIG_VIRTIO_INPUT=y
CONFIG_VIRTIO_INPUT_HOST=y
CONFIG_VIRTIO_IOMMU=y
CONFIG_VIRTIO_MMIO=y
CONFIG_VIRTIO_NET=y
CONFIG_VIRTIO_PCI=y
CONFIG_VIRTIO_RNG=y
CONFIG_VIRTIO_SCSI=y
CONFIG_VIRTIO_SERIAL=y
CONFIG_VIRTIO_VGA=y
CONFIG_VMWARE_VGA=y
CONFIG_VMW_PVSCSI_SCSI_PCI=y
CONFIG_VMXNET3_PCI=y
CONFIG_WDT_IB6300ESB=y
CONFIG_XIO3130=y

--- stderr ---


Reading depfile: /workspaces/lab0-0-setup-env-run-os1-stephen863256/qemu-7.0.0/build/meson-private/riscv64-softmmu-config-devices.mak.d
Configuring riscv64-softmmu-config-devices.h using configuration
Configuring riscv64-linux-user-config-target.h using configuration
Program scripts/make-config-poison.sh found: YES (/workspaces/lab0-0-setup-env-run-os1-stephen863256/qemu-7.0.0/scripts/make-config-poison.sh)
Pkg-config binary for MachineChoice.HOST is cached.
Determining dependency 'capstone' with pkg-config executable '/usr/bin/pkg-config'
env[PKG_CONFIG_PATH]: 
Called `/usr/bin/pkg-config --modversion capstone` -> 1

Run-time dependency capstone found: NO (tried pkgconfig)
Configuring capstone-defs.h using configuration
Pkg-config binary for MachineChoice.HOST is cached.
Determining dependency 'slirp' with pkg-config executable '/usr/bin/pkg-config'
env[PKG_CONFIG_PATH]: 
Called `/usr/bin/pkg-config --modversion slirp` -> 1

Run-time dependency slirp found: NO (tried pkgconfig)
Configuring libslirp-version.h using configuration
Running compile:
Working directory:  /workspaces/lab0-0-setup-env-run-os1-stephen863256/qemu-7.0.0/build/meson-private/tmpl0_v93xp
Command line:  cc -m64 -mcx16 /workspaces/lab0-0-setup-env-run-os1-stephen863256/qemu-7.0.0/build/meson-private/tmpl0_v93xp/testfile.c -o /workspaces/lab0-0-setup-env-run-os1-stephen863256/qemu-7.0.0/build/meson-private/tmpl0_v93xp/output.exe -D_FILE_OFFSET_BITS=64 -O0 -Wl,--start-group -lfdt -Wl,--end-group -Wl,--allow-shlib-undefined 

Code:
 int main(void) { return 0; }

Compiler stdout:
 
Compiler stderr:
 /usr/bin/ld: cannot find -lfdt
collect2: error: ld returned 1 exit status

Library fdt found: NO
Configuring config-host.h using configuration
Program scripts/hxtool found: YES (/workspaces/lab0-0-setup-env-run-os1-stephen863256/qemu-7.0.0/scripts/hxtool)
Program scripts/shaderinclude.pl found: YES (/usr/bin/env perl /workspaces/lab0-0-setup-env-run-os1-stephen863256/qemu-7.0.0/scripts/shaderinclude.pl)
Program scripts/qapi-gen.py found: YES (/home/codespace/.python/current/bin/python3 /workspaces/lab0-0-setup-env-run-os1-stephen863256/qemu-7.0.0/scripts/qapi-gen.py)
Program scripts/qemu-version.sh found: YES (/workspaces/lab0-0-setup-env-run-os1-stephen863256/qemu-7.0.0/scripts/qemu-version.sh)

Executing subproject libvhost-user 

Project name: libvhost-user
Project version: undefined
C compiler for the host machine: cc -m64 -mcx16 (gcc 9.4.0 "cc (Ubuntu 9.4.0-1ubuntu1~20.04.2) 9.4.0")
C linker for the host machine: cc -m64 -mcx16 ld.bfd 2.34
C compiler for the build machine: cc -m64 -mcx16 (gcc 9.4.0 "cc (Ubuntu 9.4.0-1ubuntu1~20.04.2) 9.4.0")
C linker for the build machine: cc -m64 -mcx16 ld.bfd 2.34
Dependency threads found: YES unknown (cached)
Dependency glib-2.0 found: YES 2.64.6 (overridden)
Build targets in project: 12
Subproject libvhost-user finished.

Program cat found: YES (/usr/bin/cat)
Program scripts/decodetree.py found: YES (/home/codespace/.python/current/bin/python3 /workspaces/lab0-0-setup-env-run-os1-stephen863256/qemu-7.0.0/scripts/decodetree.py)
Program ../scripts/modules/module_block.py found: YES (/home/codespace/.python/current/bin/python3 /workspaces/lab0-0-setup-env-run-os1-stephen863256/qemu-7.0.0/block/../scripts/modules/module_block.py)
Program ../scripts/block-coroutine-wrapper.py found: YES (/home/codespace/.python/current/bin/python3 /workspaces/lab0-0-setup-env-run-os1-stephen863256/qemu-7.0.0/block/../scripts/block-coroutine-wrapper.py)
Program scripts/modinfo-collect.py found: YES (/workspaces/lab0-0-setup-env-run-os1-stephen863256/qemu-7.0.0/scripts/modinfo-collect.py)
Program scripts/modinfo-generate.py found: YES (/workspaces/lab0-0-setup-env-run-os1-stephen863256/qemu-7.0.0/scripts/modinfo-generate.py)
Program nm found: YES
Program scripts/undefsym.py found: YES (/home/codespace/.python/current/bin/python3 /workspaces/lab0-0-setup-env-run-os1-stephen863256/qemu-7.0.0/scripts/undefsym.py)
Program scripts/feature_to_c.sh found: YES (/bin/sh /workspaces/lab0-0-setup-env-run-os1-stephen863256/qemu-7.0.0/scripts/feature_to_c.sh)
Program qemu-keymap found: NO
Program cp found: YES (/usr/bin/cp)
Program sphinx-build-3 sphinx-build found: NO
Program python3 found: YES (/home/codespace/.python/current/bin/python3)
Adding benchmark "benchmark-crypto-cipher"
Adding benchmark "benchmark-crypto-hash"
Adding benchmark "benchmark-crypto-hmac"
Adding test "qemu-iotests qcow2"
Adding test "qemu-iotests qed"
Adding test "qemu-iotests raw"
Adding test "qemu-iotests vmdk"
Adding test "qemu-iotests vpc"
Adding test "decodetree"
Adding test "fp-test-float-to-float"
Adding test "fp-test-float-to-int"
Adding test "fp-test-float-to-uint"
Adding test "fp-test-int-to-float"
Adding test "fp-test-round-to-integer"
Adding test "fp-test-uint-to-float"
Adding test "fp-test-add"
Adding test "fp-test-div"
Adding test "fp-test-eq_signaling"
Adding test "fp-test-le"
Adding test "fp-test-le_quiet"
Adding test "fp-test-lt_quiet"
Adding test "fp-test-mul"
Adding test "fp-test-rem"
Adding test "fp-test-sqrt"
Adding test "fp-test-sub"
Adding test "fp-test-mulAdd"
Adding test "fp-test-log2"
Adding test "check-block-qdict"
Adding test "check-qdict"
Adding test "check-qjson"
Adding test "check-qlist"
Adding test "check-qlit"
Adding test "check-qnull"
Adding test "check-qnum"
Adding test "check-qobject"
Adding test "check-qom-interface"
Adding test "check-qom-proplist"
Adding test "check-qstring"
Adding test "ptimer-test"
Adding test "rcutorture"
Adding test "test-aio"
Adding test "test-aio-multithread"
Adding test "test-authz-list"
Adding test "test-authz-listfile"
Adding test "test-authz-simple"
Adding test "test-base64"
Adding test "test-bdrv-drain"
Adding test "test-bdrv-graph-mod"
Adding test "test-bitcnt"
Adding test "test-bitmap"
Adding test "test-bitops"
Adding test "test-block-backend"
Adding test "test-block-iothread"
Adding test "test-blockjob"
Adding test "test-blockjob-txn"
Adding test "test-bufferiszero"
Adding test "test-char"
Adding test "test-clone-visitor"
Adding test "test-coroutine"
Adding test "test-crypto-afsplit"
Adding test "test-crypto-block"
Adding test "test-crypto-cipher"
Adding test "test-crypto-hash"
Adding test "test-crypto-hmac"
Adding test "test-crypto-ivgen"
Adding test "test-crypto-pbkdf"
Adding test "test-crypto-secret"
Adding test "test-crypto-tlscredsx509"
Adding test "test-crypto-tlssession"
Adding test "test-cutils"
Adding test "test-div128"
Adding test "test-fdmon-epoll"
Adding test "test-forward-visitor"
Adding test "test-hbitmap"
Adding test "test-image-locking"
Adding test "test-int128"
Adding test "test-io-channel-buffer"
Adding test "test-io-channel-command"
Adding test "test-io-channel-file"
Adding test "test-io-channel-socket"
Adding test "test-io-channel-tls"
Adding test "test-io-task"
Adding test "test-iov"
Adding test "test-keyval"
Adding test "test-logging"
Adding test "test-mul64"
Adding test "test-opts-visitor"
Adding test "test-qapi-util"
Adding test "test-qdev-global-props"
Adding test "test-qdist"
Adding test "test-qemu-opts"
Adding test "test-qga"
Adding test "test-qgraph"
Adding test "test-qht"
Adding test "test-qmp-cmds"
Adding test "test-qmp-event"
Adding test "test-qobject-input-visitor"
Adding test "test-qobject-output-visitor"
Adding test "test-rcu-list"
Adding test "test-rcu-simpleq"
Adding test "test-rcu-slist"
Adding test "test-rcu-tailq"
Adding test "test-replication"
Adding test "test-shift128"
Adding test "test-smp-parse"
Adding test "test-string-input-visitor"
Adding test "test-string-output-visitor"
Adding test "test-thread-pool"
Adding test "test-throttle"
Adding test "test-timed-average"
Adding test "test-util-filemonitor"
Adding test "test-util-sockets"
Adding test "test-uuid"
Adding test "test-visitor-serialization"
Adding test "test-vmstate"
Adding test "test-write-threshold"
Adding test "test-x86-cpuid"
Adding test "test-xbzrle"
Adding test "test-yank"
Adding test "QAPI schema regression tests"
Program diff found: YES (/usr/bin/diff)
Program dbus-daemon found: YES (/usr/bin/dbus-daemon)
Program /usr/bin/gdbus-codegen found: YES (/usr/bin/gdbus-codegen)
Adding test "qtest-riscv64/fuzz-megasas-test"
Adding test "qtest-riscv64/fuzz-lsi53c895a-test"
Adding test "qtest-riscv64/fuzz-virtio-scsi-test"
Adding test "qtest-riscv64/fuzz-sdcard-test"
Adding test "qtest-riscv64/cdrom-test"
Adding test "qtest-riscv64/device-introspect-test"
Adding test "qtest-riscv64/machine-none-test"
Adding test "qtest-riscv64/qmp-test"
Adding test "qtest-riscv64/qmp-cmd-test"
Adding test "qtest-riscv64/qom-test"
Adding test "qtest-riscv64/test-hmp"
Adding test "qtest-riscv64/qos-test"
Program initrd-stress.sh found: YES (/workspaces/lab0-0-setup-env-run-os1-stephen863256/qemu-7.0.0/tests/migration/initrd-stress.sh)
Build targets in project: 495

qemu 7.0.0

  Directories
    Install prefix               : /usr/local
    BIOS directory               : share/qemu
    firmware path                : /usr/local/share/qemu-firmware
    binary directory             : bin
    library directory            : lib
    module directory             : lib/qemu
    libexec directory            : libexec
    include directory            : include
    config directory             : /usr/local/etc
    local state directory        : /usr/local/var
    Manual directory             : share/man
    Doc directory                : /usr/local/share/doc
    Build directory              : /workspaces/lab0-0-setup-env-run-os1-stephen863256/qemu-7.0.0/build
    Source path                  : /workspaces/lab0-0-setup-env-run-os1-stephen863256/qemu-7.0.0
    GIT submodules               : ui/keycodemapdb tests/fp/berkeley-testfloat-3 tests/fp/berkeley-softfloat-3 dtc capstone slirp

  Host binaries
    git                          : git
    make                         : make
    python                       : /home/codespace/.python/current/bin/python3 (version: 3.10)
    sphinx-build                 : NO
    gdb                          : /usr/bin/gdb-multiarch
    iasl                         : NO
    genisoimage                  : 
    smbd                         : /usr/sbin/smbd

  Configurable features
    Documentation                : NO
    system-mode emulation        : YES
    user-mode emulation          : YES
    block layer                  : YES
    Install blobs                : YES
    module support               : NO
    fuzzing support              : NO
    Audio drivers                : pa oss
    Trace backends               : log
    D-Bus display                : NO
    QOM debugging                : NO
    vhost-kernel support         : YES
    vhost-net support            : YES
    vhost-crypto support         : YES
    vhost-scsi support           : YES
    vhost-vsock support          : YES
    vhost-user support           : YES
    vhost-user-blk server support: YES
    vhost-user-fs support        : YES
    vhost-vdpa support           : YES
    build guest agent            : YES

  Compilation
    host CPU                     : x86_64
    host endianness              : little
    C compiler                   : cc -m64 -mcx16
    Host C compiler              : cc -m64 -mcx16
    C++ compiler                 : c++ -m64 -mcx16
    CFLAGS                       : -O2 -g
    CXXFLAGS                     : -O2 -g
    QEMU_CFLAGS                  : -U_FORTIFY_SOURCE -D_FORTIFY_SOURCE=2 -D_GNU_SOURCE -D_FILE_OFFSET_BITS=64 -D_LARGEFILE_SOURCE -Wstrict-prototypes -Wredundant-decls -Wundef -Wwrite-strings -Wmissing-prototypes -fno-strict-aliasing -fno-common -fwrapv -Wold-style-declaration -Wold-style-definition -Wtype-limits -Wformat-security -Wformat-y2k -Winit-self -Wignored-qualifiers -Wempty-body -Wnested-externs -Wendif-labels -Wexpansion-to-defined -Wimplicit-fallthrough=2 -Wno-missing-include-dirs -Wno-shift-negative-value -Wno-psabi -fstack-protector-strong
    QEMU_CXXFLAGS                : -D__STDC_LIMIT_MACROS -D__STDC_CONSTANT_MACROS -D__STDC_FORMAT_MACROS -U_FORTIFY_SOURCE -D_FORTIFY_SOURCE=2 -D_GNU_SOURCE -D_FILE_OFFSET_BITS=64 -D_LARGEFILE_SOURCE -Wundef -Wwrite-strings -fno-strict-aliasing -fno-common -fwrapv -Wtype-limits -Wformat-security -Wformat-y2k -Winit-self -Wignored-qualifiers -Wempty-body -Wendif-labels -Wexpansion-to-defined -Wimplicit-fallthrough=2 -Wno-missing-include-dirs -Wno-shift-negative-value -Wno-psabi -fstack-protector-strong
    QEMU_OBJCFLAGS               : -Wold-style-definition -Wtype-limits -Wformat-security -Wformat-y2k -Winit-self -Wignored-qualifiers -Wempty-body -Wnested-externs -Wendif-labels -Wexpansion-to-defined -Wno-initializer-overrides -Wno-missing-include-dirs -Wno-shift-negative-value -Wno-string-plus-int -Wno-typedef-redefinition -Wno-tautological-type-limit-compare
    QEMU_LDFLAGS                 : -Wl,--warn-common -Wl,-z,relro -Wl,-z,now  -fstack-protector-strong
    profiler                     : NO
    link-time optimization (LTO) : NO
    PIE                          : YES
    static build                 : NO
    malloc trim support          : YES
    membarrier                   : NO
    debug stack usage            : NO
    mutex debugging              : NO
    memory allocator             : system
    avx2 optimization            : YES
    avx512f optimization         : NO
    gprof enabled                : NO
    gcov                         : NO
    thread sanitizer             : NO
    CFI support                  : NO
    strip binaries               : NO
    sparse                       : NO
    mingw32 support              : NO
    riscv64 tests                : riscv64-linux-gnu-gcc

  Targets and accelerators
    KVM support                  : NO
    HAX support                  : NO
    HVF support                  : NO
    WHPX support                 : NO
    NVMM support                 : NO
    Xen support                  : NO
    TCG support                  : YES
    TCG backend                  : native (x86_64)
    TCG plugins                  : YES
    TCG debug enabled            : NO
    target list                  : riscv64-softmmu riscv64-linux-user
    default devices              : YES
    out of process emulation     : YES

  Block layer support
    coroutine backend            : ucontext
    coroutine pool               : YES
    Block whitelist (rw)         : 
    Block whitelist (ro)         : 
    Use block whitelist in tools : NO
    VirtFS support               : NO
    build virtiofs daemon        : NO
    Live block migration         : YES
    replication support          : YES
    bochs support                : YES
    cloop support                : YES
    dmg support                  : YES
    qcow v1 support              : YES
    vdi support                  : YES
    vvfat support                : YES
    qed support                  : YES
    parallels support            : YES
    FUSE exports                 : NO

  Crypto
    TLS priority                 : "NORMAL"
    GNUTLS support               : [1;32mYES[0m [1;36m3.6.13[0m
      GNUTLS crypto              : NO
    libgcrypt                    : [1;32mYES[0m [1;36m1.8.5[0m
    nettle                       : NO
    AF_ALG support               : NO
    rng-none                     : NO
    Linux keyring                : YES

  Dependencies
    SDL support                  : YES
    SDL image support            : NO
    GTK support                  : NO
    pixman                       : [1;32mYES[0m [1;36m0.38.4[0m
    VTE support                  : NO
    slirp support                : internal
    libtasn1                     : [1;32mYES[0m [1;36m4.16.0[0m
    PAM                          : NO
    iconv support                : YES
    curses support               : YES
    virgl support                : NO
    curl support                 : [1;32mYES[0m [1;36m7.68.0[0m
    Multipath support            : NO
    VNC support                  : YES
    VNC SASL support             : NO
    VNC JPEG support             : NO
    VNC PNG support              : [1;32mYES[0m [1;36m1.6.37[0m
    OSS support                  : YES
    ALSA support                 : [1;32mYES[0m [1;36m1.2.2[0m
    PulseAudio support           : [1;32mYES[0m [1;36m13.99.1[0m
    JACK support                 : NO
    brlapi support               : NO
    vde support                  : NO
    netmap support               : NO
    l2tpv3 support               : YES
    Linux AIO support            : NO
    Linux io_uring support       : NO
    ATTR/XATTR support           : YES
    RDMA support                 : NO
    PVRDMA support               : NO
    fdt support                  : internal
    libcap-ng support            : NO
    bpf support                  : NO
    spice protocol support       : NO
    rbd support                  : NO
    smartcard support            : NO
    U2F support                  : NO
    libusb                       : NO
    usb net redir                : NO
    OpenGL support               : NO
    GBM                          : NO
    libiscsi support             : NO
    libnfs support               : NO
    seccomp support              : NO
    GlusterFS support            : NO
    TPM support                  : YES
    libssh support               : NO
    lzo support                  : NO
    snappy support               : NO
    bzip2 support                : YES
    lzfse support                : NO
    zstd support                 : NO
    NUMA host support            : NO
    capstone                     : internal
    libpmem support              : NO
    libdaxctl support            : NO
    libudev                      : [1;32mYES[0m [1;36m245[0m
    FUSE lseek                   : NO
    selinux                      : [1;32mYES[0m [1;36m3.0[0m

  Subprojects
    libvhost-user                : YES

Found ninja-1.10.0 at /usr/bin/ninja
Running compile:
Working directory:  /workspaces/lab0-0-setup-env-run-os1-stephen863256/qemu-7.0.0/build/meson-private/tmpybi56d9b
Command line:  cc -m64 -mcx16 /workspaces/lab0-0-setup-env-run-os1-stephen863256/qemu-7.0.0/build/meson-private/tmpybi56d9b/testfile.c -o /workspaces/lab0-0-setup-env-run-os1-stephen863256/qemu-7.0.0/build/meson-private/tmpybi56d9b/output.obj -c -D_FILE_OFFSET_BITS=64 -O0 --print-search-dirs 

Code:
 
Compiler stdout:
 install: /usr/lib/gcc/x86_64-linux-gnu/9/
programs: =/usr/lib/gcc/x86_64-linux-gnu/9/:/usr/lib/gcc/x86_64-linux-gnu/9/:/usr/lib/gcc/x86_64-linux-gnu/:/usr/lib/gcc/x86_64-linux-gnu/9/:/usr/lib/gcc/x86_64-linux-gnu/:/usr/lib/gcc/x86_64-linux-gnu/9/../../../../x86_64-linux-gnu/bin/x86_64-linux-gnu/9/:/usr/lib/gcc/x86_64-linux-gnu/9/../../../../x86_64-linux-gnu/bin/x86_64-linux-gnu/:/usr/lib/gcc/x86_64-linux-gnu/9/../../../../x86_64-linux-gnu/bin/
libraries: =/usr/lib/gcc/x86_64-linux-gnu/9/:/usr/lib/gcc/x86_64-linux-gnu/9/../../../../x86_64-linux-gnu/lib/x86_64-linux-gnu/9/:/usr/lib/gcc/x86_64-linux-gnu/9/../../../../x86_64-linux-gnu/lib/x86_64-linux-gnu/:/usr/lib/gcc/x86_64-linux-gnu/9/../../../../x86_64-linux-gnu/lib/../lib/:/usr/lib/gcc/x86_64-linux-gnu/9/../../../x86_64-linux-gnu/9/:/usr/lib/gcc/x86_64-linux-gnu/9/../../../x86_64-linux-gnu/:/usr/lib/gcc/x86_64-linux-gnu/9/../../../../lib/:/lib/x86_64-linux-gnu/9/:/lib/x86_64-linux-gnu/:/lib/../lib/:/usr/lib/x86_64-linux-gnu/9/:/usr/lib/x86_64-linux-gnu/:/usr/lib/../lib/:/usr/lib/gcc/x86_64-linux-gnu/9/../../../../x86_64-linux-gnu/lib/:/usr/lib/gcc/x86_64-linux-gnu/9/../../../:/lib/:/usr/lib/

Compiler stderr:
 
Command line for building ['libcommon.fa'] is long, using a response file
